#
# There is insufficient memory for the Java Runtime Environment to continue.
# Native memory allocation (malloc) failed to allocate 1048576 bytes. Error detail: AllocateHeap
# Possible reasons:
#   The system is out of physical RAM or swap space
#   This process is running with CompressedOops enabled, and the Java Heap may be blocking the growth of the native heap
# Possible solutions:
#   Reduce memory load on the system
#   Increase physical memory or swap space
#   Check if swap backing store is full
#   Decrease Java heap size (-Xmx/-Xms)
#   Decrease number of Java threads
#   Decrease Java thread stack sizes (-Xss)
#   Set larger code cache with -XX:ReservedCodeCacheSize=
#   JVM is running with Unscaled Compressed Oops mode in which the Java heap is
#     placed in the first 4GB address space. The Java Heap base address is the
#     maximum limit for the native heap growth. Please use -XX:HeapBaseMinAddress
#     to set the Java Heap base and to place the Java Heap above 4GB virtual address.
# This output file may be truncated or incomplete.
#
#  Out of Memory Error (allocation.cpp:44), pid=20808, tid=36116
#
# JRE version: OpenJDK Runtime Environment Temurin-21.0.10+7 (21.0.10+7) (build 21.0.10+7-LTS)
# Java VM: OpenJDK 64-Bit Server VM Temurin-21.0.10+7 (21.0.10+7-LTS, mixed mode, sharing, tiered, compressed oops, compressed class ptrs, parallel gc, windows-amd64)
# No core dump will be written. Minidumps are not enabled by default on client versions of Windows
#

---------------  S U M M A R Y ------------

Command Line: --add-modules=ALL-SYSTEM --add-opens=java.base/java.util=ALL-UNNAMED --add-opens=java.base/java.lang=ALL-UNNAMED --add-opens=java.base/sun.nio.fs=ALL-UNNAMED -Declipse.application=org.eclipse.jdt.ls.core.id1 -Dosgi.bundles.defaultStartLevel=4 -Declipse.product=org.eclipse.jdt.ls.core.product -Djava.import.generatesMetadataFilesAtProjectRoot=false -DDetectVMInstallationsJob.disabled=true -Dfile.encoding=utf8 -XX:+UseParallelGC -XX:GCTimeRatio=4 -XX:AdaptiveSizePolicyWeight=90 -Dsun.zip.disableMemoryMapping=true -Xmx2G -Xms100m -Xlog:disable -javaagent:c:\Users\sanjay.verma\.vscode\extensions\redhat.java-1.54.0-win32-x64\lombok\lombok-1.18.39-4050.jar -XX:+HeapDumpOnOutOfMemoryError -XX:HeapDumpPath=c:\Users\sanjay.verma\AppData\Roaming\Code\User\workspaceStorage\b2772786e9ad854d550692199f466cec\redhat.java -Daether.dependencyCollector.impl=bf c:\Users\sanjay.verma\.vscode\extensions\redhat.java-1.54.0-win32-x64\server\plugins\org.eclipse.equinox.launcher_1.7.100.v20251111-0406.jar -configuration c:\Users\sanjay.verma\AppData\Roaming\Code\User\globalStorage\redhat.java\1.54.0\config_win -data c:\Users\sanjay.verma\AppData\Roaming\Code\User\workspaceStorage\b2772786e9ad854d550692199f466cec\redhat.java\jdt_ws --pipe=\\.\pipe\lsp-1b824b337ff379843d31cc930025aee5-sock

Host: 11th Gen Intel(R) Core(TM) i5-1135G7 @ 2.40GHz, 8 cores, 15G,  Windows 11 , 64 bit Build 26100 (10.0.26100.8521)
Time: Mon Jun  8 14:20:25 2026 India Standard Time elapsed time: 338352.148856 seconds (3d 21h 59m 12s)

---------------  T H R E A D  ---------------

Current thread (0x000001e92cd87bc0):  JavaThread "Attach Listener" daemon [_thread_in_vm, id=36116, stack(0x000000a49b400000,0x000000a49b500000) (1024K)]

Stack: [0x000000a49b400000,0x000000a49b500000]
Native frames: (J=compiled Java code, j=interpreted, Vv=VM code, C=native code)
V  [jvm.dll+0x6d7a39]
V  [jvm.dll+0x8b4b26]
V  [jvm.dll+0x8b70de]
V  [jvm.dll+0x8b77c3]
V  [jvm.dll+0x284346]
V  [jvm.dll+0xc1277]
V  [jvm.dll+0x6d82e9]
V  [jvm.dll+0x1334a6]
V  [jvm.dll+0x3f857e]
V  [jvm.dll+0x85f59d]
V  [jvm.dll+0x6d626d]
C  [ucrtbase.dll+0x2cd30]
C  [KERNEL32.DLL+0x2e957]
C  [ntdll.dll+0x87c1c]


---------------  P R O C E S S  ---------------

Threads class SMR info:
_java_thread_list=0x000001e997e04ff0, length=35, elements={
0x000001e92a81aaa0, 0x000001e92cd7a3c0, 0x000001e92cd7dfb0, 0x000001e92cd87160,
0x000001e92cd87bc0, 0x000001e92cd88620, 0x000001e92cd89080, 0x000001e92cd89ec0,
0x000001e98615d810, 0x000001e98634a6a0, 0x000001e9864565c0, 0x000001e986c0bea0,
0x000001e986c0aaf0, 0x000001e986c0b180, 0x000001e986c0b810, 0x000001e986c0c530,
0x000001e986c09dd0, 0x000001e986c0cbc0, 0x000001e986c48f10, 0x000001e986c4afe0,
0x000001e986c4bd00, 0x000001e986c4d0b0, 0x000001e986c4ca20, 0x000001e986c49c30,
0x000001e986c4fea0, 0x000001e986c4f810, 0x000001e986c4d740, 0x000001e986c4e460,
0x000001e986c4ddd0, 0x000001e986c4eaf0, 0x000001e98d9db140, 0x000001e98d9dcb80,
0x000001e98d9e13b0, 0x000001e997be61d0, 0x000001e9997b8950
}

Java Threads: ( => current thread )
  0x000001e92a81aaa0 JavaThread "main"                              [_thread_blocked, id=11332, stack(0x000000a49ad00000,0x000000a49ae00000) (1024K)]
  0x000001e92cd7a3c0 JavaThread "Reference Handler"          daemon [_thread_blocked, id=23524, stack(0x000000a49b100000,0x000000a49b200000) (1024K)]
  0x000001e92cd7dfb0 JavaThread "Finalizer"                  daemon [_thread_blocked, id=2848, stack(0x000000a49b200000,0x000000a49b300000) (1024K)]
  0x000001e92cd87160 JavaThread "Signal Dispatcher"          daemon [_thread_blocked, id=24232, stack(0x000000a49b300000,0x000000a49b400000) (1024K)]
=>0x000001e92cd87bc0 JavaThread "Attach Listener"            daemon [_thread_in_vm, id=36116, stack(0x000000a49b400000,0x000000a49b500000) (1024K)]
  0x000001e92cd88620 JavaThread "Service Thread"             daemon [_thread_blocked, id=26736, stack(0x000000a49b500000,0x000000a49b600000) (1024K)]
  0x000001e92cd89080 JavaThread "Monitor Deflation Thread"   daemon [_thread_blocked, id=16980, stack(0x000000a49b600000,0x000000a49b700000) (1024K)]
  0x000001e92cd89ec0 JavaThread "C2 CompilerThread0"         daemon [_thread_blocked, id=34148, stack(0x000000a49b700000,0x000000a49b800000) (1024K)]
  0x000001e98615d810 JavaThread "C1 CompilerThread0"         daemon [_thread_blocked, id=38488, stack(0x000000a49b800000,0x000000a49b900000) (1024K)]
  0x000001e98634a6a0 JavaThread "Common-Cleaner"             daemon [_thread_blocked, id=20672, stack(0x000000a49b900000,0x000000a49ba00000) (1024K)]
  0x000001e9864565c0 JavaThread "Notification Thread"        daemon [_thread_blocked, id=25604, stack(0x000000a49ba00000,0x000000a49bb00000) (1024K)]
  0x000001e986c0bea0 JavaThread "Active Thread: Equinox Container: b22c2d90-ff63-4e5f-978a-10d6480b976c"        [_thread_blocked, id=9368, stack(0x000000a49c300000,0x000000a49c400000) (1024K)]
  0x000001e986c0aaf0 JavaThread "Refresh Thread: Equinox Container: b22c2d90-ff63-4e5f-978a-10d6480b976c" daemon [_thread_blocked, id=35192, stack(0x000000a49c500000,0x000000a49c600000) (1024K)]
  0x000001e986c0b180 JavaThread "Framework Event Dispatcher: Equinox Container: b22c2d90-ff63-4e5f-978a-10d6480b976c" daemon [_thread_blocked, id=33828, stack(0x000000a49c600000,0x000000a49c700000) (1024K)]
  0x000001e986c0b810 JavaThread "Start Level: Equinox Container: b22c2d90-ff63-4e5f-978a-10d6480b976c" daemon [_thread_blocked, id=3868, stack(0x000000a49c700000,0x000000a49c800000) (1024K)]
  0x000001e986c0c530 JavaThread "Bundle File Closer"         daemon [_thread_blocked, id=33624, stack(0x000000a49c800000,0x000000a49c900000) (1024K)]
  0x000001e986c09dd0 JavaThread "SCR Component Actor"        daemon [_thread_blocked, id=16916, stack(0x000000a49c100000,0x000000a49c200000) (1024K)]
  0x000001e986c0cbc0 JavaThread "Worker-JM"                         [_thread_blocked, id=38076, stack(0x000000a49ca00000,0x000000a49cb00000) (1024K)]
  0x000001e986c48f10 JavaThread "JNA Cleaner"                daemon [_thread_blocked, id=28512, stack(0x000000a49c900000,0x000000a49ca00000) (1024K)]
  0x000001e986c4afe0 JavaThread "Java indexing"              daemon [_thread_blocked, id=31944, stack(0x000000a49ce00000,0x000000a49cf00000) (1024K)]
  0x000001e986c4bd00 JavaThread "Thread-1"                   daemon [_thread_in_native, id=32612, stack(0x000000a49d400000,0x000000a49d500000) (1024K)]
  0x000001e986c4d0b0 JavaThread "Thread-2"                   daemon [_thread_in_native, id=30152, stack(0x000000a49d500000,0x000000a49d600000) (1024K)]
  0x000001e986c4ca20 JavaThread "Thread-3"                   daemon [_thread_in_native, id=36796, stack(0x000000a49d600000,0x000000a49d700000) (1024K)]
  0x000001e986c49c30 JavaThread "Thread-4"                   daemon [_thread_in_native, id=37284, stack(0x000000a49d700000,0x000000a49d800000) (1024K)]
  0x000001e986c4fea0 JavaThread "Thread-5"                   daemon [_thread_in_native, id=11512, stack(0x000000a49d800000,0x000000a49d900000) (1024K)]
  0x000001e986c4f810 JavaThread "Thread-6"                   daemon [_thread_in_native, id=36272, stack(0x000000a49d900000,0x000000a49da00000) (1024K)]
  0x000001e986c4d740 JavaThread "Thread-7"                   daemon [_thread_in_native, id=39860, stack(0x000000a49da00000,0x000000a49db00000) (1024K)]
  0x000001e986c4e460 JavaThread "Thread-8"                   daemon [_thread_in_native, id=11012, stack(0x000000a49db00000,0x000000a49dc00000) (1024K)]
  0x000001e986c4ddd0 JavaThread "Thread-9"                   daemon [_thread_in_native, id=12352, stack(0x000000a49dc00000,0x000000a49dd00000) (1024K)]
  0x000001e986c4eaf0 JavaThread "pool-2-thread-1"                   [_thread_blocked, id=30568, stack(0x000000a49dd00000,0x000000a49de00000) (1024K)]
  0x000001e98d9db140 JavaThread "WorkspaceEventsHandler"            [_thread_blocked, id=27564, stack(0x000000a49de00000,0x000000a49df00000) (1024K)]
  0x000001e98d9dcb80 JavaThread "pool-1-thread-1"                   [_thread_blocked, id=29512, stack(0x000000a49df00000,0x000000a49e000000) (1024K)]
  0x000001e98d9e13b0 JavaThread "Cleaner-0"                  daemon [_thread_blocked, id=31776, stack(0x000000a49c200000,0x000000a49c300000) (1024K)]
  0x000001e997be61d0 JavaThread "Worker-10"                         [_thread_blocked, id=31452, stack(0x000000a49aa00000,0x000000a49ab00000) (1024K)]
  0x000001e9997b8950 JavaThread "Worker-15"                         [_thread_blocked, id=29004, stack(0x000000a49d000000,0x000000a49d100000) (1024K)]
Total: 35

Other Threads:
  0x000001e92ceaa800 VMThread "VM Thread"                           [id=33312, stack(0x000000a49b000000,0x000000a49b100000) (1024K)]
  0x000001e92ce76d20 WatcherThread "VM Periodic Task Thread"        [id=37464, stack(0x000000a49af00000,0x000000a49b000000) (1024K)]
  0x000001e92ce27b70 WorkerThread "GC Thread#0"                     [id=39276, stack(0x000000a49ae00000,0x000000a49af00000) (1024K)]
  0x000001e9864fc640 WorkerThread "GC Thread#1"                     [id=35748, stack(0x000000a49bb00000,0x000000a49bc00000) (1024K)]
  0x000001e9865b36c0 WorkerThread "GC Thread#2"                     [id=21820, stack(0x000000a49bc00000,0x000000a49bd00000) (1024K)]
  0x000001e9865b3a70 WorkerThread "GC Thread#3"                     [id=27336, stack(0x000000a49bd00000,0x000000a49be00000) (1024K)]
  0x000001e9865b3e20 WorkerThread "GC Thread#4"                     [id=38884, stack(0x000000a49be00000,0x000000a49bf00000) (1024K)]
  0x000001e9864d4260 WorkerThread "GC Thread#5"                     [id=4908, stack(0x000000a49bf00000,0x000000a49c000000) (1024K)]
  0x000001e9864d4610 WorkerThread "GC Thread#6"                     [id=6192, stack(0x000000a49c000000,0x000000a49c100000) (1024K)]
  0x000001e986af33d0 WorkerThread "GC Thread#7"                     [id=4812, stack(0x000000a49c400000,0x000000a49c500000) (1024K)]
Total: 10

Threads with active compile tasks:
Total: 0

VM state: not at safepoint (normal execution)

VM Mutex/Monitor currently owned by a thread: None

Heap address: 0x0000000080000000, size: 2048 MB, Compressed Oops mode: 32-bit

CDS archive(s) mapped at: [0x000001e944000000-0x000001e944ba0000-0x000001e944ba0000), size 12189696, SharedBaseAddress: 0x000001e944000000, ArchiveRelocationMode: 1.
Compressed class space mapped at: 0x000001e945000000-0x000001e985000000, reserved size: 1073741824
Narrow klass base: 0x000001e944000000, Narrow klass shift: 0, Narrow klass range: 0x100000000

GC Precious Log:
 CardTable entry size: 512
 CPUs: 8 total, 8 available
 Memory: 16122M
 Large Page Support: Disabled
 NUMA Support: Disabled
 Compressed Oops: Enabled (32-bit)
 Alignments: Space 512K, Generation 512K, Heap 2M
 Heap Min Capacity: 100M
 Heap Initial Capacity: 100M
 Heap Max Capacity: 2G
 Pre-touch: Disabled
 Parallel Workers: 8

Heap:
 PSYoungGen      total 4608K, used 3357K [0x00000000d5580000, 0x00000000d5b00000, 0x0000000100000000)
  eden space 3584K, 77% used [0x00000000d5580000,0x00000000d58376a8,0x00000000d5900000)
  from space 1024K, 56% used [0x00000000d5900000,0x00000000d5990020,0x00000000d5a00000)
  to   space 1024K, 0% used [0x00000000d5a00000,0x00000000d5a00000,0x00000000d5b00000)
 ParOldGen       total 538112K, used 238306K [0x0000000080000000, 0x00000000a0d80000, 0x00000000d5580000)
  object space 538112K, 44% used [0x0000000080000000,0x000000008e8b8858,0x00000000a0d80000)
 Metaspace       used 92203K, committed 93888K, reserved 1179648K
  class space    used 9454K, committed 10176K, reserved 1048576K

Card table byte_map: [0x000001e92c7a0000,0x000001e92cbb0000] _byte_map_base: 0x000001e92c3a0000

Marking Bits: (ParMarkBitMap*) 0x00007ffa10793450
 Begin Bits: [0x000001e93f2b0000, 0x000001e9412b0000)
 End Bits:   [0x000001e9412b0000, 0x000001e9432b0000)

Polling page: 0x000001e92ab00000

Metaspace:

Usage:
  Non-class:     80.81 MB used.
      Class:      9.23 MB used.
       Both:     90.04 MB used.

Virtual space:
  Non-class space:      128.00 MB reserved,      81.75 MB ( 64%) committed,  2 nodes.
      Class space:        1.00 GB reserved,       9.94 MB ( <1%) committed,  1 nodes.
             Both:        1.12 GB reserved,      91.69 MB (  8%) committed. 

Chunk freelists:
   Non-Class:  13.58 MB
       Class:  5.94 MB
        Both:  19.52 MB

MaxMetaspaceSize: unlimited
CompressedClassSpaceSize: 1.00 GB
Initial GC threshold: 21.00 MB
Current GC threshold: 142.50 MB
CDS: on
 - commit_granule_bytes: 65536.
 - commit_granule_words: 8192.
 - virtual_space_node_default_size: 8388608.
 - enlarge_chunks_in_place: 1.
 - use_allocation_guard: 0.


Internal statistics:

num_allocs_failed_limit: 9.
num_arena_births: 1682.
num_arena_deaths: 368.
num_vsnodes_births: 3.
num_vsnodes_deaths: 0.
num_space_committed: 1470.
num_space_uncommitted: 3.
num_chunks_returned_to_freelist: 446.
num_chunks_taken_from_freelist: 6265.
num_chunk_merges: 126.
num_chunk_splits: 3659.
num_chunks_enlarged: 2120.
num_inconsistent_stats: 0.

CodeHeap 'non-profiled nmethods': size=120000Kb used=21289Kb max_used=21289Kb free=98710Kb
 bounds [0x000001e937ad0000, 0x000001e938fa0000, 0x000001e93f000000]
CodeHeap 'profiled nmethods': size=120000Kb used=46241Kb max_used=46241Kb free=73758Kb
 bounds [0x000001e930000000, 0x000001e932d30000, 0x000001e937530000]
CodeHeap 'non-nmethods': size=5760Kb used=1533Kb max_used=1633Kb free=4226Kb
 bounds [0x000001e937530000, 0x000001e9377a0000, 0x000001e937ad0000]
CodeCache: size=245760Kb, used=69063Kb, max_used=69163Kb, free=176694Kb
 total_blobs=19563, nmethods=18721, adapters=746, full_count=0
Compilation: enabled, stopped_count=0, restarted_count=0

Compilation events (20 events):
Event: 3652.067 Thread 0x000001e98615d810 20600       3       java.lang.ProcessHandleImpl::<init> (15 bytes)
Event: 3652.067 Thread 0x000001e98615d810 nmethod 20600 0x000001e932d25410 code [0x000001e932d255c0, 0x000001e932d25730]
Event: 3712.117 Thread 0x000001e92cd89ec0 20601       4       java.util.concurrent.ThreadPoolExecutor::beforeExecute (1 bytes)
Event: 3712.118 Thread 0x000001e92cd89ec0 nmethod 20601 0x000001e938f99b90 code [0x000001e938f99d20, 0x000001e938f99da8]
Event: 3770.304 Thread 0x000001e98615d810 20602       3       java.lang.ref.ReferenceQueue::await (15 bytes)
Event: 3770.304 Thread 0x000001e98615d810 nmethod 20602 0x000001e932d25810 code [0x000001e932d259c0, 0x000001e932d25b60]
Event: 4420.604 Thread 0x000001e98615d810 20603       3       org.eclipse.core.internal.resources.MarkerAttributeMap::shareStrings (92 bytes)
Event: 4420.606 Thread 0x000001e98615d810 nmethod 20603 0x000001e932d25c90 code [0x000001e932d25f20, 0x000001e932d26dd0]
Event: 4420.606 Thread 0x000001e98615d810 20604       3       org.eclipse.core.internal.resources.MarkerInfo::shareStrings (21 bytes)
Event: 4420.607 Thread 0x000001e98615d810 nmethod 20604 0x000001e932d27110 code [0x000001e932d272e0, 0x000001e932d274c0]
Event: 4423.037 Thread 0x000001e98615d810 20605       1       com.sun.jna.internal.Cleaner::access$200 (5 bytes)
Event: 4423.037 Thread 0x000001e98615d810 nmethod 20605 0x000001e938f99e90 code [0x000001e938f9a020, 0x000001e938f9a0d0]
Event: 4425.484 Thread 0x000001e92cd89ec0 20606       4       java.util.concurrent.ThreadPoolExecutor::afterExecute (1 bytes)
Event: 4425.484 Thread 0x000001e92cd89ec0 nmethod 20606 0x000001e938f9a190 code [0x000001e938f9a320, 0x000001e938f9a3a8]
Event: 338326.052 Thread 0x000001e92cd89ec0 20607       4       java.util.HashMap$Node::setValue (12 bytes)
Event: 338326.053 Thread 0x000001e92cd89ec0 nmethod 20607 0x000001e938f9a490 code [0x000001e938f9a620, 0x000001e938f9a6c8]
Event: 338341.002 Thread 0x000001e98615d810 20608       3       java.lang.ProcessHandleImpl::get (51 bytes)
Event: 338341.004 Thread 0x000001e98615d810 nmethod 20608 0x000001e932d27610 code [0x000001e932d27820, 0x000001e932d27e28]
Event: 338341.010 Thread 0x000001e98615d810 20609       3       java.lang.ProcessHandleImpl::isAlive (44 bytes)
Event: 338341.010 Thread 0x000001e98615d810 nmethod 20609 0x000001e932d28090 code [0x000001e932d28240, 0x000001e932d284a0]

GC Heap History (20 events):
Event: 2600.331 GC heap before
{Heap before GC invocations=1188 (full 4):
 PSYoungGen      total 4608K, used 4276K [0x00000000d5580000, 0x00000000d5b00000, 0x0000000100000000)
  eden space 3584K, 100% used [0x00000000d5580000,0x00000000d5900000,0x00000000d5900000)
  from space 1024K, 67% used [0x00000000d5900000,0x00000000d59ad200,0x00000000d5a00000)
  to   space 1024K, 0% used [0x00000000d5a00000,0x00000000d5a00000,0x00000000d5b00000)
 ParOldGen       total 538112K, used 233292K [0x0000000080000000, 0x00000000a0d80000, 0x00000000d5580000)
  object space 538112K, 43% used [0x0000000080000000,0x000000008e3d3200,0x00000000a0d80000)
 Metaspace       used 92119K, committed 93824K, reserved 1179648K
  class space    used 9454K, committed 10176K, reserved 1048576K
}
Event: 2600.333 GC heap after
{Heap after GC invocations=1188 (full 4):
 PSYoungGen      total 4608K, used 672K [0x00000000d5580000, 0x00000000d5b00000, 0x0000000100000000)
  eden space 3584K, 0% used [0x00000000d5580000,0x00000000d5580000,0x00000000d5900000)
  from space 1024K, 65% used [0x00000000d5a00000,0x00000000d5aa8000,0x00000000d5b00000)
  to   space 1024K, 0% used [0x00000000d5900000,0x00000000d5900000,0x00000000d5a00000)
 ParOldGen       total 538112K, used 233893K [0x0000000080000000, 0x00000000a0d80000, 0x00000000d5580000)
  object space 538112K, 43% used [0x0000000080000000,0x000000008e469410,0x00000000a0d80000)
 Metaspace       used 92119K, committed 93824K, reserved 1179648K
  class space    used 9454K, committed 10176K, reserved 1048576K
}
Event: 2600.370 GC heap before
{Heap before GC invocations=1189 (full 4):
 PSYoungGen      total 4608K, used 4256K [0x00000000d5580000, 0x00000000d5b00000, 0x0000000100000000)
  eden space 3584K, 100% used [0x00000000d5580000,0x00000000d5900000,0x00000000d5900000)
  from space 1024K, 65% used [0x00000000d5a00000,0x00000000d5aa8000,0x00000000d5b00000)
  to   space 1024K, 0% used [0x00000000d5900000,0x00000000d5900000,0x00000000d5a00000)
 ParOldGen       total 538112K, used 233893K [0x0000000080000000, 0x00000000a0d80000, 0x00000000d5580000)
  object space 538112K, 43% used [0x0000000080000000,0x000000008e469410,0x00000000a0d80000)
 Metaspace       used 92119K, committed 93824K, reserved 1179648K
  class space    used 9454K, committed 10176K, reserved 1048576K
}
Event: 2600.372 GC heap after
{Heap after GC invocations=1189 (full 4):
 PSYoungGen      total 4608K, used 528K [0x00000000d5580000, 0x00000000d5b00000, 0x0000000100000000)
  eden space 3584K, 0% used [0x00000000d5580000,0x00000000d5580000,0x00000000d5900000)
  from space 1024K, 51% used [0x00000000d5900000,0x00000000d5984010,0x00000000d5a00000)
  to   space 1024K, 0% used [0x00000000d5a00000,0x00000000d5a00000,0x00000000d5b00000)
 ParOldGen       total 538112K, used 234446K [0x0000000080000000, 0x00000000a0d80000, 0x00000000d5580000)
  object space 538112K, 43% used [0x0000000080000000,0x000000008e4f3848,0x00000000a0d80000)
 Metaspace       used 92119K, committed 93824K, reserved 1179648K
  class space    used 9454K, committed 10176K, reserved 1048576K
}
Event: 2600.402 GC heap before
{Heap before GC invocations=1190 (full 4):
 PSYoungGen      total 4608K, used 4112K [0x00000000d5580000, 0x00000000d5b00000, 0x0000000100000000)
  eden space 3584K, 100% used [0x00000000d5580000,0x00000000d5900000,0x00000000d5900000)
  from space 1024K, 51% used [0x00000000d5900000,0x00000000d5984010,0x00000000d5a00000)
  to   space 1024K, 0% used [0x00000000d5a00000,0x00000000d5a00000,0x00000000d5b00000)
 ParOldGen       total 538112K, used 234446K [0x0000000080000000, 0x00000000a0d80000, 0x00000000d5580000)
  object space 538112K, 43% used [0x0000000080000000,0x000000008e4f3848,0x00000000a0d80000)
 Metaspace       used 92126K, committed 93824K, reserved 1179648K
  class space    used 9454K, committed 10176K, reserved 1048576K
}
Event: 2600.404 GC heap after
{Heap after GC invocations=1190 (full 4):
 PSYoungGen      total 4608K, used 820K [0x00000000d5580000, 0x00000000d5b00000, 0x0000000100000000)
  eden space 3584K, 0% used [0x00000000d5580000,0x00000000d5580000,0x00000000d5900000)
  from space 1024K, 80% used [0x00000000d5a00000,0x00000000d5acd200,0x00000000d5b00000)
  to   space 1024K, 0% used [0x00000000d5900000,0x00000000d5900000,0x00000000d5a00000)
 ParOldGen       total 538112K, used 234870K [0x0000000080000000, 0x00000000a0d80000, 0x00000000d5580000)
  object space 538112K, 43% used [0x0000000080000000,0x000000008e55d868,0x00000000a0d80000)
 Metaspace       used 92126K, committed 93824K, reserved 1179648K
  class space    used 9454K, committed 10176K, reserved 1048576K
}
Event: 2600.416 GC heap before
{Heap before GC invocations=1191 (full 4):
 PSYoungGen      total 4608K, used 4404K [0x00000000d5580000, 0x00000000d5b00000, 0x0000000100000000)
  eden space 3584K, 100% used [0x00000000d5580000,0x00000000d5900000,0x00000000d5900000)
  from space 1024K, 80% used [0x00000000d5a00000,0x00000000d5acd200,0x00000000d5b00000)
  to   space 1024K, 0% used [0x00000000d5900000,0x00000000d5900000,0x00000000d5a00000)
 ParOldGen       total 538112K, used 234870K [0x0000000080000000, 0x00000000a0d80000, 0x00000000d5580000)
  object space 538112K, 43% used [0x0000000080000000,0x000000008e55d868,0x00000000a0d80000)
 Metaspace       used 92127K, committed 93824K, reserved 1179648K
  class space    used 9454K, committed 10176K, reserved 1048576K
}
Event: 2600.418 GC heap after
{Heap after GC invocations=1191 (full 4):
 PSYoungGen      total 4608K, used 480K [0x00000000d5580000, 0x00000000d5b00000, 0x0000000100000000)
  eden space 3584K, 0% used [0x00000000d5580000,0x00000000d5580000,0x00000000d5900000)
  from space 1024K, 46% used [0x00000000d5900000,0x00000000d5978000,0x00000000d5a00000)
  to   space 1024K, 0% used [0x00000000d5a00000,0x00000000d5a00000,0x00000000d5b00000)
 ParOldGen       total 538112K, used 235592K [0x0000000080000000, 0x00000000a0d80000, 0x00000000d5580000)
  object space 538112K, 43% used [0x0000000080000000,0x000000008e6121f8,0x00000000a0d80000)
 Metaspace       used 92127K, committed 93824K, reserved 1179648K
  class space    used 9454K, committed 10176K, reserved 1048576K
}
Event: 2600.433 GC heap before
{Heap before GC invocations=1192 (full 4):
 PSYoungGen      total 4608K, used 4064K [0x00000000d5580000, 0x00000000d5b00000, 0x0000000100000000)
  eden space 3584K, 100% used [0x00000000d5580000,0x00000000d5900000,0x00000000d5900000)
  from space 1024K, 46% used [0x00000000d5900000,0x00000000d5978000,0x00000000d5a00000)
  to   space 1024K, 0% used [0x00000000d5a00000,0x00000000d5a00000,0x00000000d5b00000)
 ParOldGen       total 538112K, used 235592K [0x0000000080000000, 0x00000000a0d80000, 0x00000000d5580000)
  object space 538112K, 43% used [0x0000000080000000,0x000000008e6121f8,0x00000000a0d80000)
 Metaspace       used 92133K, committed 93824K, reserved 1179648K
  class space    used 9454K, committed 10176K, reserved 1048576K
}
Event: 2600.435 GC heap after
{Heap after GC invocations=1192 (full 4):
 PSYoungGen      total 4608K, used 692K [0x00000000d5580000, 0x00000000d5b00000, 0x0000000100000000)
  eden space 3584K, 0% used [0x00000000d5580000,0x00000000d5580000,0x00000000d5900000)
  from space 1024K, 67% used [0x00000000d5a00000,0x00000000d5aad200,0x00000000d5b00000)
  to   space 1024K, 0% used [0x00000000d5900000,0x00000000d5900000,0x00000000d5a00000)
 ParOldGen       total 538112K, used 235928K [0x0000000080000000, 0x00000000a0d80000, 0x00000000d5580000)
  object space 538112K, 43% used [0x0000000080000000,0x000000008e666238,0x00000000a0d80000)
 Metaspace       used 92133K, committed 93824K, reserved 1179648K
  class space    used 9454K, committed 10176K, reserved 1048576K
}
Event: 2600.455 GC heap before
{Heap before GC invocations=1193 (full 4):
 PSYoungGen      total 4608K, used 4276K [0x00000000d5580000, 0x00000000d5b00000, 0x0000000100000000)
  eden space 3584K, 100% used [0x00000000d5580000,0x00000000d5900000,0x00000000d5900000)
  from space 1024K, 67% used [0x00000000d5a00000,0x00000000d5aad200,0x00000000d5b00000)
  to   space 1024K, 0% used [0x00000000d5900000,0x00000000d5900000,0x00000000d5a00000)
 ParOldGen       total 538112K, used 235928K [0x0000000080000000, 0x00000000a0d80000, 0x00000000d5580000)
  object space 538112K, 43% used [0x0000000080000000,0x000000008e666238,0x00000000a0d80000)
 Metaspace       used 92136K, committed 93824K, reserved 1179648K
  class space    used 9454K, committed 10176K, reserved 1048576K
}
Event: 2600.458 GC heap after
{Heap after GC invocations=1193 (full 4):
 PSYoungGen      total 4608K, used 448K [0x00000000d5580000, 0x00000000d5b00000, 0x0000000100000000)
  eden space 3584K, 0% used [0x00000000d5580000,0x00000000d5580000,0x00000000d5900000)
  from space 1024K, 43% used [0x00000000d5900000,0x00000000d5970000,0x00000000d5a00000)
  to   space 1024K, 0% used [0x00000000d5a00000,0x00000000d5a00000,0x00000000d5b00000)
 ParOldGen       total 538112K, used 236525K [0x0000000080000000, 0x00000000a0d80000, 0x00000000d5580000)
  object space 538112K, 43% used [0x0000000080000000,0x000000008e6fb448,0x00000000a0d80000)
 Metaspace       used 92136K, committed 93824K, reserved 1179648K
  class space    used 9454K, committed 10176K, reserved 1048576K
}
Event: 2600.492 GC heap before
{Heap before GC invocations=1194 (full 4):
 PSYoungGen      total 4608K, used 4032K [0x00000000d5580000, 0x00000000d5b00000, 0x0000000100000000)
  eden space 3584K, 100% used [0x00000000d5580000,0x00000000d5900000,0x00000000d5900000)
  from space 1024K, 43% used [0x00000000d5900000,0x00000000d5970000,0x00000000d5a00000)
  to   space 1024K, 0% used [0x00000000d5a00000,0x00000000d5a00000,0x00000000d5b00000)
 ParOldGen       total 538112K, used 236525K [0x0000000080000000, 0x00000000a0d80000, 0x00000000d5580000)
  object space 538112K, 43% used [0x0000000080000000,0x000000008e6fb448,0x00000000a0d80000)
 Metaspace       used 92142K, committed 93824K, reserved 1179648K
  class space    used 9454K, committed 10176K, reserved 1048576K
}
Event: 2600.495 GC heap after
{Heap after GC invocations=1194 (full 4):
 PSYoungGen      total 4608K, used 500K [0x00000000d5580000, 0x00000000d5b00000, 0x0000000100000000)
  eden space 3584K, 0% used [0x00000000d5580000,0x00000000d5580000,0x00000000d5900000)
  from space 1024K, 48% used [0x00000000d5a00000,0x00000000d5a7d200,0x00000000d5b00000)
  to   space 1024K, 0% used [0x00000000d5900000,0x00000000d5900000,0x00000000d5a00000)
 ParOldGen       total 538112K, used 236841K [0x0000000080000000, 0x00000000a0d80000, 0x00000000d5580000)
  object space 538112K, 44% used [0x0000000080000000,0x000000008e74a458,0x00000000a0d80000)
 Metaspace       used 92142K, committed 93824K, reserved 1179648K
  class space    used 9454K, committed 10176K, reserved 1048576K
}
Event: 2600.512 GC heap before
{Heap before GC invocations=1195 (full 4):
 PSYoungGen      total 4608K, used 4084K [0x00000000d5580000, 0x00000000d5b00000, 0x0000000100000000)
  eden space 3584K, 100% used [0x00000000d5580000,0x00000000d5900000,0x00000000d5900000)
  from space 1024K, 48% used [0x00000000d5a00000,0x00000000d5a7d200,0x00000000d5b00000)
  to   space 1024K, 0% used [0x00000000d5900000,0x00000000d5900000,0x00000000d5a00000)
 ParOldGen       total 538112K, used 236841K [0x0000000080000000, 0x00000000a0d80000, 0x00000000d5580000)
  object space 538112K, 44% used [0x0000000080000000,0x000000008e74a458,0x00000000a0d80000)
 Metaspace       used 92142K, committed 93824K, reserved 1179648K
  class space    used 9454K, committed 10176K, reserved 1048576K
}
Event: 2600.515 GC heap after
{Heap after GC invocations=1195 (full 4):
 PSYoungGen      total 4608K, used 592K [0x00000000d5580000, 0x00000000d5b00000, 0x0000000100000000)
  eden space 3584K, 0% used [0x00000000d5580000,0x00000000d5580000,0x00000000d5900000)
  from space 1024K, 57% used [0x00000000d5900000,0x00000000d5994010,0x00000000d5a00000)
  to   space 1024K, 0% used [0x00000000d5a00000,0x00000000d5a00000,0x00000000d5b00000)
 ParOldGen       total 538112K, used 237261K [0x0000000080000000, 0x00000000a0d80000, 0x00000000d5580000)
  object space 538112K, 44% used [0x0000000080000000,0x000000008e7b3688,0x00000000a0d80000)
 Metaspace       used 92142K, committed 93824K, reserved 1179648K
  class space    used 9454K, committed 10176K, reserved 1048576K
}
Event: 2600.573 GC heap before
{Heap before GC invocations=1196 (full 4):
 PSYoungGen      total 4608K, used 4176K [0x00000000d5580000, 0x00000000d5b00000, 0x0000000100000000)
  eden space 3584K, 100% used [0x00000000d5580000,0x00000000d5900000,0x00000000d5900000)
  from space 1024K, 57% used [0x00000000d5900000,0x00000000d5994010,0x00000000d5a00000)
  to   space 1024K, 0% used [0x00000000d5a00000,0x00000000d5a00000,0x00000000d5b00000)
 ParOldGen       total 538112K, used 237261K [0x0000000080000000, 0x00000000a0d80000, 0x00000000d5580000)
  object space 538112K, 44% used [0x0000000080000000,0x000000008e7b3688,0x00000000a0d80000)
 Metaspace       used 92169K, committed 93888K, reserved 1179648K
  class space    used 9454K, committed 10176K, reserved 1048576K
}
Event: 2600.576 GC heap after
{Heap after GC invocations=1196 (full 4):
 PSYoungGen      total 4608K, used 660K [0x00000000d5580000, 0x00000000d5b00000, 0x0000000100000000)
  eden space 3584K, 0% used [0x00000000d5580000,0x00000000d5580000,0x00000000d5900000)
  from space 1024K, 64% used [0x00000000d5a00000,0x00000000d5aa5200,0x00000000d5b00000)
  to   space 1024K, 0% used [0x00000000d5900000,0x00000000d5900000,0x00000000d5a00000)
 ParOldGen       total 538112K, used 237757K [0x0000000080000000, 0x00000000a0d80000, 0x00000000d5580000)
  object space 538112K, 44% used [0x0000000080000000,0x000000008e82f6a8,0x00000000a0d80000)
 Metaspace       used 92169K, committed 93888K, reserved 1179648K
  class space    used 9454K, committed 10176K, reserved 1048576K
}
Event: 2600.603 GC heap before
{Heap before GC invocations=1197 (full 4):
 PSYoungGen      total 4608K, used 4244K [0x00000000d5580000, 0x00000000d5b00000, 0x0000000100000000)
  eden space 3584K, 100% used [0x00000000d5580000,0x00000000d5900000,0x00000000d5900000)
  from space 1024K, 64% used [0x00000000d5a00000,0x00000000d5aa5200,0x00000000d5b00000)
  to   space 1024K, 0% used [0x00000000d5900000,0x00000000d5900000,0x00000000d5a00000)
 ParOldGen       total 538112K, used 237757K [0x0000000080000000, 0x00000000a0d80000, 0x00000000d5580000)
  object space 538112K, 44% used [0x0000000080000000,0x000000008e82f6a8,0x00000000a0d80000)
 Metaspace       used 92170K, committed 93888K, reserved 1179648K
  class space    used 9454K, committed 10176K, reserved 1048576K
}
Event: 2600.606 GC heap after
{Heap after GC invocations=1197 (full 4):
 PSYoungGen      total 4608K, used 576K [0x00000000d5580000, 0x00000000d5b00000, 0x0000000100000000)
  eden space 3584K, 0% used [0x00000000d5580000,0x00000000d5580000,0x00000000d5900000)
  from space 1024K, 56% used [0x00000000d5900000,0x00000000d5990020,0x00000000d5a00000)
  to   space 1024K, 0% used [0x00000000d5a00000,0x00000000d5a00000,0x00000000d5b00000)
 ParOldGen       total 538112K, used 238306K [0x0000000080000000, 0x00000000a0d80000, 0x00000000d5580000)
  object space 538112K, 44% used [0x0000000080000000,0x000000008e8b8858,0x00000000a0d80000)
 Metaspace       used 92170K, committed 93888K, reserved 1179648K
  class space    used 9454K, committed 10176K, reserved 1048576K
}

Dll operation events (12 events):
Event: 0.055 Loaded shared library c:\Users\sanjay.verma\.vscode\extensions\redhat.java-1.54.0-win32-x64\jre\21.0.10-win32-x86_64\bin\java.dll
Event: 0.265 Loaded shared library c:\Users\sanjay.verma\.vscode\extensions\redhat.java-1.54.0-win32-x64\jre\21.0.10-win32-x86_64\bin\zip.dll
Event: 0.310 Loaded shared library C:\Users\sanjay.verma\.vscode\extensions\redhat.java-1.54.0-win32-x64\jre\21.0.10-win32-x86_64\bin\instrument.dll
Event: 0.327 Loaded shared library C:\Users\sanjay.verma\.vscode\extensions\redhat.java-1.54.0-win32-x64\jre\21.0.10-win32-x86_64\bin\net.dll
Event: 0.339 Loaded shared library C:\Users\sanjay.verma\.vscode\extensions\redhat.java-1.54.0-win32-x64\jre\21.0.10-win32-x86_64\bin\nio.dll
Event: 0.345 Loaded shared library C:\Users\sanjay.verma\.vscode\extensions\redhat.java-1.54.0-win32-x64\jre\21.0.10-win32-x86_64\bin\zip.dll
Event: 0.381 Loaded shared library C:\Users\sanjay.verma\.vscode\extensions\redhat.java-1.54.0-win32-x64\jre\21.0.10-win32-x86_64\bin\jimage.dll
Event: 0.563 Loaded shared library c:\Users\sanjay.verma\.vscode\extensions\redhat.java-1.54.0-win32-x64\jre\21.0.10-win32-x86_64\bin\verify.dll
Event: 2.900 Loaded shared library C:\Users\sanjay.verma\AppData\Roaming\Code\User\globalStorage\redhat.java\1.54.0\config_win\org.eclipse.equinox.launcher\org.eclipse.equinox.launcher.win32.win32.x86_64_1.3.0.v20260203-2149\eclipse_11919.dll
Event: 7.085 Loaded shared library C:\Users\sanjay.verma\AppData\Local\Temp\jna--307561013\jna16378570573141001346.dll
Event: 1170.758 Loaded shared library C:\Users\sanjay.verma\.vscode\extensions\redhat.java-1.54.0-win32-x64\jre\21.0.10-win32-x86_64\bin\sunmscapi.dll
Event: 1170.874 Loaded shared library C:\Users\sanjay.verma\.vscode\extensions\redhat.java-1.54.0-win32-x64\jre\21.0.10-win32-x86_64\bin\extnet.dll

Deoptimization events (20 events):
Event: 2599.172 Thread 0x000001e997be61d0 Uncommon trap: trap_request=0xffffffc6 fr.pc=0x000001e938bb3074 relative=0x0000000000000c74
Event: 2599.172 Thread 0x000001e997be61d0 Uncommon trap: reason=bimorphic_or_optimized_type_check action=maybe_recompile pc=0x000001e938bb3074 method=org.eclipse.jdt.internal.compiler.parser.Parser.consumeRule(I)V @ 7718 c2
Event: 2599.172 Thread 0x000001e997be61d0 DEOPT PACKING pc=0x000001e938bb3074 sp=0x000000a49aafe610
Event: 2599.172 Thread 0x000001e997be61d0 DEOPT UNPACKING pc=0x000001e937586da2 sp=0x000000a49aafe5a0 mode 2
Event: 2599.172 Thread 0x000001e997be61d0 Uncommon trap: trap_request=0xffffffc6 fr.pc=0x000001e938bb2f10 relative=0x0000000000000b10
Event: 2599.172 Thread 0x000001e997be61d0 Uncommon trap: reason=bimorphic_or_optimized_type_check action=maybe_recompile pc=0x000001e938bb2f10 method=org.eclipse.jdt.internal.compiler.parser.Parser.consumeRule(I)V @ 7725 c2
Event: 2599.172 Thread 0x000001e997be61d0 DEOPT PACKING pc=0x000001e938bb2f10 sp=0x000000a49aafe610
Event: 2599.172 Thread 0x000001e997be61d0 DEOPT UNPACKING pc=0x000001e937586da2 sp=0x000000a49aafe5a0 mode 2
Event: 2599.172 Thread 0x000001e997be61d0 Uncommon trap: trap_request=0xffffffc6 fr.pc=0x000001e938bb3008 relative=0x0000000000000c08
Event: 2599.172 Thread 0x000001e997be61d0 Uncommon trap: reason=bimorphic_or_optimized_type_check action=maybe_recompile pc=0x000001e938bb3008 method=org.eclipse.jdt.internal.compiler.parser.Parser.consumeRule(I)V @ 7711 c2
Event: 2599.172 Thread 0x000001e997be61d0 DEOPT PACKING pc=0x000001e938bb3008 sp=0x000000a49aafe610
Event: 2599.172 Thread 0x000001e997be61d0 DEOPT UNPACKING pc=0x000001e937586da2 sp=0x000000a49aafe5a0 mode 2
Event: 2599.172 Thread 0x000001e997be61d0 Uncommon trap: trap_request=0xffffffc6 fr.pc=0x000001e938bb3074 relative=0x0000000000000c74
Event: 2599.172 Thread 0x000001e997be61d0 Uncommon trap: reason=bimorphic_or_optimized_type_check action=maybe_recompile pc=0x000001e938bb3074 method=org.eclipse.jdt.internal.compiler.parser.Parser.consumeRule(I)V @ 7718 c2
Event: 2599.172 Thread 0x000001e997be61d0 DEOPT PACKING pc=0x000001e938bb3074 sp=0x000000a49aafe610
Event: 2599.173 Thread 0x000001e997be61d0 DEOPT UNPACKING pc=0x000001e937586da2 sp=0x000000a49aafe5a0 mode 2
Event: 2600.297 Thread 0x000001e997be61d0 Uncommon trap: trap_request=0xffffffe4 fr.pc=0x000001e938f77e78 relative=0x00000000000001f8
Event: 2600.297 Thread 0x000001e997be61d0 Uncommon trap: reason=range_check action=make_not_entrant pc=0x000001e938f77e78 method=org.eclipse.jdt.internal.compiler.lookup.Scope.getBaseType([C)Lorg/eclipse/jdt/internal/compiler/lookup/TypeBinding; @ 16 c2
Event: 2600.297 Thread 0x000001e997be61d0 DEOPT PACKING pc=0x000001e938f77e78 sp=0x000000a49aafe200
Event: 2600.297 Thread 0x000001e997be61d0 DEOPT UNPACKING pc=0x000001e937586da2 sp=0x000000a49aafe188 mode 2

Classes loaded (20 events):
Event: 2270.140 Loading class sun/security/ssl/Alert$AlertConsumer
Event: 2270.140 Loading class sun/security/ssl/Alert$AlertConsumer done
Event: 2270.140 Loading class sun/security/ssl/Alert$Level
Event: 2270.140 Loading class sun/security/ssl/Alert$Level done
Event: 2274.586 Loading class java/io/BufferedReader$1
Event: 2274.586 Loading class java/io/BufferedReader$1 done
Event: 2274.658 Loading class java/util/ArrayDeque$DeqSpliterator
Event: 2274.659 Loading class java/util/ArrayDeque$DeqSpliterator done
Event: 2274.812 Loading class java/lang/Throwable$WrappedPrintWriter
Event: 2274.812 Loading class java/lang/Throwable$PrintStreamOrWriter
Event: 2274.812 Loading class java/lang/Throwable$PrintStreamOrWriter done
Event: 2274.812 Loading class java/lang/Throwable$WrappedPrintWriter done
Event: 2276.588 Loading class java/nio/file/Files$2
Event: 2276.588 Loading class java/nio/file/Files$2 done
Event: 2276.807 Loading class jdk/internal/module/IllegalAccessLogger
Event: 2276.807 Loading class jdk/internal/module/IllegalAccessLogger done
Event: 2277.284 Loading class java/io/CharArrayWriter
Event: 2277.284 Loading class java/io/CharArrayWriter done
Event: 2303.180 Loading class jdk/internal/module/IllegalAccessLogger
Event: 2303.180 Loading class jdk/internal/module/IllegalAccessLogger done

Classes unloaded (20 events):
Event: 2270.007 Thread 0x000001e92ceaa800 Unloading class 0x000001e945016400 'java/lang/invoke/LambdaForm$MH+0x000001e945016400'
Event: 2270.007 Thread 0x000001e92ceaa800 Unloading class 0x000001e94500d800 'java/lang/invoke/LambdaForm$MH+0x000001e94500d800'
Event: 2270.007 Thread 0x000001e92ceaa800 Unloading class 0x000001e94500d400 'java/lang/invoke/LambdaForm$MH+0x000001e94500d400'
Event: 2270.007 Thread 0x000001e92ceaa800 Unloading class 0x000001e94500d000 'java/lang/invoke/LambdaForm$MH+0x000001e94500d000'
Event: 2270.007 Thread 0x000001e92ceaa800 Unloading class 0x000001e94500cc00 'java/lang/invoke/LambdaForm$MH+0x000001e94500cc00'
Event: 2270.007 Thread 0x000001e92ceaa800 Unloading class 0x000001e94500c800 'java/lang/invoke/LambdaForm$BMH+0x000001e94500c800'
Event: 2270.007 Thread 0x000001e92ceaa800 Unloading class 0x000001e94500c000 'java/lang/invoke/LambdaForm$DMH+0x000001e94500c000'
Event: 2270.007 Thread 0x000001e92ceaa800 Unloading class 0x000001e945008c00 'java/lang/invoke/LambdaForm$MH+0x000001e945008c00'
Event: 2270.007 Thread 0x000001e92ceaa800 Unloading class 0x000001e945008800 'java/lang/invoke/LambdaForm$MH+0x000001e945008800'
Event: 2270.007 Thread 0x000001e92ceaa800 Unloading class 0x000001e945008400 'java/lang/invoke/LambdaForm$MH+0x000001e945008400'
Event: 2270.007 Thread 0x000001e92ceaa800 Unloading class 0x000001e945007000 'java/lang/invoke/LambdaForm$MH+0x000001e945007000'
Event: 2270.007 Thread 0x000001e92ceaa800 Unloading class 0x000001e945006800 'java/lang/invoke/LambdaForm$MH+0x000001e945006800'
Event: 2270.007 Thread 0x000001e92ceaa800 Unloading class 0x000001e945006400 'java/lang/invoke/LambdaForm$MH+0x000001e945006400'
Event: 2270.007 Thread 0x000001e92ceaa800 Unloading class 0x000001e945006000 'java/lang/invoke/LambdaForm$MH+0x000001e945006000'
Event: 2270.007 Thread 0x000001e92ceaa800 Unloading class 0x000001e945005c00 'java/lang/invoke/LambdaForm$BMH+0x000001e945005c00'
Event: 2270.007 Thread 0x000001e92ceaa800 Unloading class 0x000001e945004800 'java/lang/invoke/LambdaForm$DMH+0x000001e945004800'
Event: 2270.007 Thread 0x000001e92ceaa800 Unloading class 0x000001e945002800 'java/lang/invoke/LambdaForm$MH+0x000001e945002800'
Event: 2270.007 Thread 0x000001e92ceaa800 Unloading class 0x000001e945002400 'java/lang/invoke/LambdaForm$MH+0x000001e945002400'
Event: 2270.007 Thread 0x000001e92ceaa800 Unloading class 0x000001e945002000 'java/lang/invoke/LambdaForm$MH+0x000001e945002000'
Event: 2270.007 Thread 0x000001e92ceaa800 Unloading class 0x000001e945001800 'java/lang/invoke/LambdaForm$MH+0x000001e945001800'

Classes redefined (0 events):
No events

Internal exceptions (20 events):
Event: 2302.584 Thread 0x000001e997be9650 Exception <a 'sun/nio/fs/WindowsException'{0x00000000d5631e80}> (0x00000000d5631e80) 
thrown [s\src\hotspot\share\prims\jni.cpp, line 520]
Event: 2302.584 Thread 0x000001e98d9db7d0 Exception <a 'sun/nio/fs/WindowsException'{0x00000000d562eb58}> (0x00000000d562eb58) 
thrown [s\src\hotspot\share\prims\jni.cpp, line 520]
Event: 2302.584 Thread 0x000001e98d9de5c0 Exception <a 'sun/nio/fs/WindowsException'{0x00000000d5638548}> (0x00000000d5638548) 
thrown [s\src\hotspot\share\prims\jni.cpp, line 520]
Event: 2302.584 Thread 0x000001e98d9dd210 Exception <a 'sun/nio/fs/WindowsException'{0x00000000d563b880}> (0x00000000d563b880) 
thrown [s\src\hotspot\share\prims\jni.cpp, line 520]
Event: 2302.584 Thread 0x000001e98d9ddf30 Exception <a 'sun/nio/fs/WindowsException'{0x00000000d563ebe8}> (0x00000000d563ebe8) 
thrown [s\src\hotspot\share\prims\jni.cpp, line 520]
Event: 2302.584 Thread 0x000001e98d9dc4f0 Exception <a 'sun/nio/fs/WindowsException'{0x00000000d562b7f0}> (0x00000000d562b7f0) 
thrown [s\src\hotspot\share\prims\jni.cpp, line 520]
Event: 2302.585 Thread 0x000001e997be82a0 Exception <a 'sun/nio/fs/WindowsException'{0x00000000d5635770}> (0x00000000d5635770) 
thrown [s\src\hotspot\share\prims\jni.cpp, line 520]
Event: 2302.586 Thread 0x000001e98d9de5c0 Exception <a 'sun/nio/fs/WindowsException'{0x00000000d563a560}> (0x00000000d563a560) 
thrown [s\src\hotspot\share\prims\jni.cpp, line 520]
Event: 2303.557 Thread 0x000001e997be54b0 Exception <a 'sun/nio/fs/WindowsException'{0x00000000d5861940}> (0x00000000d5861940) 
thrown [s\src\hotspot\share\prims\jni.cpp, line 520]
Event: 2303.557 Thread 0x000001e997be54b0 Exception <a 'sun/nio/fs/WindowsException'{0x00000000d5861f58}> (0x00000000d5861f58) 
thrown [s\src\hotspot\share\prims\jni.cpp, line 520]
Event: 2309.950 Thread 0x000001e997be26c0 Exception <a 'sun/nio/fs/WindowsException'{0x00000000d569de98}> (0x00000000d569de98) 
thrown [s\src\hotspot\share\prims\jni.cpp, line 520]
Event: 2309.950 Thread 0x000001e997be26c0 Exception <a 'sun/nio/fs/WindowsException'{0x00000000d569e760}> (0x00000000d569e760) 
thrown [s\src\hotspot\share\prims\jni.cpp, line 520]
Event: 2309.951 Thread 0x000001e997be26c0 Exception <a 'sun/nio/fs/WindowsException'{0x00000000d56a6fe0}> (0x00000000d56a6fe0) 
thrown [s\src\hotspot\share\prims\jni.cpp, line 520]
Event: 2309.951 Thread 0x000001e997be26c0 Exception <a 'sun/nio/fs/WindowsException'{0x00000000d56a7af0}> (0x00000000d56a7af0) 
thrown [s\src\hotspot\share\prims\jni.cpp, line 520]
Event: 2309.954 Thread 0x000001e997be26c0 Exception <a 'sun/nio/fs/WindowsException'{0x00000000d56e54f8}> (0x00000000d56e54f8) 
thrown [s\src\hotspot\share\prims\jni.cpp, line 520]
Event: 2309.954 Thread 0x000001e997be26c0 Exception <a 'sun/nio/fs/WindowsException'{0x00000000d56e5dc0}> (0x00000000d56e5dc0) 
thrown [s\src\hotspot\share\prims\jni.cpp, line 520]
Event: 2310.068 Thread 0x000001e997be26c0 Exception <a 'sun/nio/fs/WindowsException'{0x00000000d5805aa8}> (0x00000000d5805aa8) 
thrown [s\src\hotspot\share\prims\jni.cpp, line 520]
Event: 2310.068 Thread 0x000001e997be26c0 Exception <a 'sun/nio/fs/WindowsException'{0x00000000d5806370}> (0x00000000d5806370) 
thrown [s\src\hotspot\share\prims\jni.cpp, line 520]
Event: 2425.010 Thread 0x000001e997be54b0 Exception <a 'sun/nio/fs/WindowsException'{0x00000000d5a58250}> (0x00000000d5a58250) 
thrown [s\src\hotspot\share\prims\jni.cpp, line 520]
Event: 2425.010 Thread 0x000001e997be54b0 Exception <a 'sun/nio/fs/WindowsException'{0x00000000d5a58b18}> (0x00000000d5a58b18) 
thrown [s\src\hotspot\share\prims\jni.cpp, line 520]

ZGC Phase Switch (0 events):
No events

VM Operations (20 events):
Event: 3127.893 Executing non-safepoint VM operation: RendezvousGCThreads
Event: 3127.893 Executing non-safepoint VM operation: RendezvousGCThreads done
Event: 3428.431 Executing non-safepoint VM operation: HandshakeAllThreads (HandshakeForDeflation)
Event: 3428.431 Executing non-safepoint VM operation: HandshakeAllThreads (HandshakeForDeflation) done
Event: 3428.431 Executing non-safepoint VM operation: RendezvousGCThreads
Event: 3428.431 Executing non-safepoint VM operation: RendezvousGCThreads done
Event: 3430.445 Executing safepoint VM operation: Cleanup
Event: 3430.445 Executing safepoint VM operation: Cleanup done
Event: 3488.580 Executing non-safepoint VM operation: HandshakeAllThreads (HandshakeForDeflation)
Event: 3488.580 Executing non-safepoint VM operation: HandshakeAllThreads (HandshakeForDeflation) done
Event: 3488.580 Executing non-safepoint VM operation: RendezvousGCThreads
Event: 3488.580 Executing non-safepoint VM operation: RendezvousGCThreads done
Event: 3729.044 Executing non-safepoint VM operation: HandshakeAllThreads (HandshakeForDeflation)
Event: 3729.044 Executing non-safepoint VM operation: HandshakeAllThreads (HandshakeForDeflation) done
Event: 3729.044 Executing non-safepoint VM operation: RendezvousGCThreads
Event: 3729.044 Executing non-safepoint VM operation: RendezvousGCThreads done
Event: 3790.353 Executing safepoint VM operation: Cleanup
Event: 3790.353 Executing safepoint VM operation: Cleanup done
Event: 338326.828 Executing safepoint VM operation: Cleanup
Event: 338326.828 Executing safepoint VM operation: Cleanup done

Memory protections (0 events):
No events

Nmethod flushes (20 events):
Event: 2270.056 Thread 0x000001e92ceaa800 flushing  nmethod 0x000001e93119b710
Event: 2270.056 Thread 0x000001e92ceaa800 flushing  nmethod 0x000001e9311b1090
Event: 2270.056 Thread 0x000001e92ceaa800 flushing  nmethod 0x000001e9311b1c10
Event: 2270.056 Thread 0x000001e92ceaa800 flushing  nmethod 0x000001e9311b4090
Event: 2270.056 Thread 0x000001e92ceaa800 flushing  nmethod 0x000001e9311b4610
Event: 2270.056 Thread 0x000001e92ceaa800 flushing  nmethod 0x000001e9311b5710
Event: 2270.056 Thread 0x000001e92ceaa800 flushing  nmethod 0x000001e9311b6c10
Event: 2270.056 Thread 0x000001e92ceaa800 flushing  nmethod 0x000001e9311c0f90
Event: 2270.056 Thread 0x000001e92ceaa800 flushing  nmethod 0x000001e9311c1610
Event: 2270.056 Thread 0x000001e92ceaa800 flushing  nmethod 0x000001e9311c1e90
Event: 2270.056 Thread 0x000001e92ceaa800 flushing  nmethod 0x000001e9311c2610
Event: 2270.056 Thread 0x000001e92ceaa800 flushing  nmethod 0x000001e9311d4010
Event: 2270.056 Thread 0x000001e92ceaa800 flushing  nmethod 0x000001e9311d9b90
Event: 2270.056 Thread 0x000001e92ceaa800 flushing  nmethod 0x000001e9311e9e10
Event: 2270.056 Thread 0x000001e92ceaa800 flushing  nmethod 0x000001e931245910
Event: 2270.056 Thread 0x000001e92ceaa800 flushing  nmethod 0x000001e93129f610
Event: 2270.056 Thread 0x000001e92ceaa800 flushing  nmethod 0x000001e93129fa90
Event: 2270.056 Thread 0x000001e92ceaa800 flushing  nmethod 0x000001e9312a1d90
Event: 2270.056 Thread 0x000001e92ceaa800 flushing  nmethod 0x000001e9312a3790
Event: 2270.056 Thread 0x000001e92ceaa800 flushing  nmethod 0x000001e9312acc10

Events (20 events):
Event: 2598.509 Thread 0x000001e98615d810 Thread added: 0x000001e98deb5530
Event: 2602.643 Thread 0x000001e98d9de5c0 Thread exited: 0x000001e98d9de5c0
Event: 2602.740 Thread 0x000001e986c48880 Thread exited: 0x000001e986c48880
Event: 2602.740 Thread 0x000001e997be3a70 Thread exited: 0x000001e997be3a70
Event: 2602.740 Thread 0x000001e986c4b670 Thread exited: 0x000001e986c4b670
Event: 2602.741 Thread 0x000001e997be4e20 Thread exited: 0x000001e997be4e20
Event: 2602.741 Thread 0x000001e986c4a2c0 Thread exited: 0x000001e986c4a2c0
Event: 2602.741 Thread 0x000001e98d9e2760 Thread exited: 0x000001e98d9e2760
Event: 2603.523 Thread 0x000001e98deb5530 Thread exited: 0x000001e98deb5530
Event: 2603.523 Thread 0x000001e9997b2d70 Thread exited: 0x000001e9997b2d70
Event: 2603.523 Thread 0x000001e9997b26e0 Thread exited: 0x000001e9997b26e0
Event: 2603.539 Thread 0x000001e9997b6880 Thread exited: 0x000001e9997b6880
Event: 2603.540 Thread 0x000001e98deb84e0 Thread exited: 0x000001e98deb84e0
Event: 2603.540 Thread 0x000001e9997b47b0 Thread exited: 0x000001e9997b47b0
Event: 2603.540 Thread 0x000001e9997b54d0 Thread exited: 0x000001e9997b54d0
Event: 2603.540 Thread 0x000001e986c4c390 Thread exited: 0x000001e986c4c390
Event: 2658.446 Thread 0x000001e997be54b0 Thread exited: 0x000001e997be54b0
Event: 2662.646 Thread 0x000001e997be9650 Thread exited: 0x000001e997be9650
Event: 2722.652 Thread 0x000001e98d9db7d0 Thread exited: 0x000001e98d9db7d0
Event: 2782.662 Thread 0x000001e997be82a0 Thread exited: 0x000001e997be82a0


Dynamic libraries:
0x00007ff62eb10000 - 0x00007ff62eb1e000 	c:\Users\sanjay.verma\.vscode\extensions\redhat.java-1.54.0-win32-x64\jre\21.0.10-win32-x86_64\bin\java.exe
0x00007ffac4060000 - 0x00007ffac42c6000 	C:\WINDOWS\SYSTEM32\ntdll.dll
0x00007ffac2f60000 - 0x00007ffac3029000 	C:\WINDOWS\System32\KERNEL32.DLL
0x00007ffac1560000 - 0x00007ffac195a000 	C:\WINDOWS\System32\KERNELBASE.dll
0x00007ffac1a10000 - 0x00007ffac1b5c000 	C:\WINDOWS\System32\ucrtbase.dll
0x00007ffa9d480000 - 0x00007ffa9d498000 	c:\Users\sanjay.verma\.vscode\extensions\redhat.java-1.54.0-win32-x64\jre\21.0.10-win32-x86_64\bin\jli.dll
0x00007ffac2420000 - 0x00007ffac25e7000 	C:\WINDOWS\System32\USER32.dll
0x00007ffac13b0000 - 0x00007ffac13d7000 	C:\WINDOWS\System32\win32u.dll
0x00007ffaa66f0000 - 0x00007ffaa6982000 	C:\WINDOWS\WinSxS\amd64_microsoft.windows.common-controls_6595b64144ccf1df_6.0.26100.8521_none_3e08b75ce33403b3\COMCTL32.dll
0x00007ffa9d460000 - 0x00007ffa9d47e000 	c:\Users\sanjay.verma\.vscode\extensions\redhat.java-1.54.0-win32-x64\jre\21.0.10-win32-x86_64\bin\VCRUNTIME140.dll
0x00007ffac3bb0000 - 0x00007ffac3bdb000 	C:\WINDOWS\System32\GDI32.dll
0x00007ffac3be0000 - 0x00007ffac3c89000 	C:\WINDOWS\System32\msvcrt.dll
0x00007ffac1b60000 - 0x00007ffac1c8b000 	C:\WINDOWS\System32\gdi32full.dll
0x00007ffac1960000 - 0x00007ffac1a03000 	C:\WINDOWS\System32\msvcp_win.dll
0x00007ffac3200000 - 0x00007ffac3232000 	C:\WINDOWS\System32\IMM32.DLL
0x000001e92ab20000 - 0x000001e92ab36000 	C:\WINDOWS\System32\umppc20805.dll
0x000001e92ab60000 - 0x000001e92ab74000 	C:\WINDOWS\System32\CsXumd64_20805.dll
0x00007ffaa7430000 - 0x00007ffaa743c000 	c:\Users\sanjay.verma\.vscode\extensions\redhat.java-1.54.0-win32-x64\jre\21.0.10-win32-x86_64\bin\vcruntime140_1.dll
0x00007ffa478e0000 - 0x00007ffa4796d000 	c:\Users\sanjay.verma\.vscode\extensions\redhat.java-1.54.0-win32-x64\jre\21.0.10-win32-x86_64\bin\msvcp140.dll
0x00007ffa0fad0000 - 0x00007ffa10871000 	c:\Users\sanjay.verma\.vscode\extensions\redhat.java-1.54.0-win32-x64\jre\21.0.10-win32-x86_64\bin\server\jvm.dll
0x00007ffac2b10000 - 0x00007ffac2bc6000 	C:\WINDOWS\System32\ADVAPI32.dll
0x00007ffac2a60000 - 0x00007ffac2b0a000 	C:\WINDOWS\System32\sechost.dll
0x00007ffac3030000 - 0x00007ffac3148000 	C:\WINDOWS\System32\RPCRT4.dll
0x00007ffac2700000 - 0x00007ffac2780000 	C:\WINDOWS\System32\WS2_32.dll
0x00007ffac1150000 - 0x00007ffac11ae000 	C:\WINDOWS\SYSTEM32\POWRPROF.dll
0x00007ffab89e0000 - 0x00007ffab8a16000 	C:\WINDOWS\SYSTEM32\WINMM.dll
0x00007ffaaef20000 - 0x00007ffaaef2b000 	C:\WINDOWS\SYSTEM32\VERSION.dll
0x00007ffac1130000 - 0x00007ffac1144000 	C:\WINDOWS\SYSTEM32\UMPDC.dll
0x00007ffabff10000 - 0x00007ffabff2b000 	C:\WINDOWS\SYSTEM32\kernel.appcore.dll
0x00007ffaa5f90000 - 0x00007ffaa5f9a000 	c:\Users\sanjay.verma\.vscode\extensions\redhat.java-1.54.0-win32-x64\jre\21.0.10-win32-x86_64\bin\jimage.dll
0x00007ffabe5c0000 - 0x00007ffabe802000 	C:\WINDOWS\SYSTEM32\DBGHELP.DLL
0x00007ffac3c90000 - 0x00007ffac4013000 	C:\WINDOWS\System32\combase.dll
0x00007ffac2c90000 - 0x00007ffac2d69000 	C:\WINDOWS\System32\OLEAUT32.dll
0x00007ffaa6660000 - 0x00007ffaa669b000 	C:\WINDOWS\SYSTEM32\dbgcore.DLL
0x00007ffac1c90000 - 0x00007ffac1d38000 	C:\WINDOWS\System32\bcryptPrimitives.dll
0x00007ffaa3140000 - 0x00007ffaa314f000 	c:\Users\sanjay.verma\.vscode\extensions\redhat.java-1.54.0-win32-x64\jre\21.0.10-win32-x86_64\bin\instrument.dll
0x00007ffa9d440000 - 0x00007ffa9d460000 	c:\Users\sanjay.verma\.vscode\extensions\redhat.java-1.54.0-win32-x64\jre\21.0.10-win32-x86_64\bin\java.dll
0x00007ffac3240000 - 0x00007ffac39c4000 	C:\WINDOWS\System32\SHELL32.dll
0x00007ffabeb40000 - 0x00007ffabf3c0000 	C:\WINDOWS\SYSTEM32\windows.storage.dll
0x00007ffac25f0000 - 0x00007ffac26e6000 	C:\WINDOWS\System32\SHCORE.dll
0x00007ffac2c20000 - 0x00007ffac2c87000 	C:\WINDOWS\System32\shlwapi.dll
0x00007ffac1210000 - 0x00007ffac1239000 	C:\WINDOWS\SYSTEM32\profapi.dll
0x00007ffa8c660000 - 0x00007ffa8c678000 	c:\Users\sanjay.verma\.vscode\extensions\redhat.java-1.54.0-win32-x64\jre\21.0.10-win32-x86_64\bin\zip.dll
0x00007ffaa1cb0000 - 0x00007ffaa1cc0000 	C:\Users\sanjay.verma\.vscode\extensions\redhat.java-1.54.0-win32-x64\jre\21.0.10-win32-x86_64\bin\net.dll
0x00007ffabff30000 - 0x00007ffac0059000 	C:\WINDOWS\SYSTEM32\WINHTTP.dll
0x00007ffac0590000 - 0x00007ffac05fc000 	C:\WINDOWS\system32\mswsock.dll
0x00007ffa8af40000 - 0x00007ffa8af56000 	C:\Users\sanjay.verma\.vscode\extensions\redhat.java-1.54.0-win32-x64\jre\21.0.10-win32-x86_64\bin\nio.dll
0x00007ffa9e740000 - 0x00007ffa9e750000 	c:\Users\sanjay.verma\.vscode\extensions\redhat.java-1.54.0-win32-x64\jre\21.0.10-win32-x86_64\bin\verify.dll
0x00007ffa5f3f0000 - 0x00007ffa5f435000 	C:\Users\sanjay.verma\AppData\Roaming\Code\User\globalStorage\redhat.java\1.54.0\config_win\org.eclipse.equinox.launcher\org.eclipse.equinox.launcher.win32.win32.x86_64_1.3.0.v20260203-2149\eclipse_11919.dll
0x00007ffac2270000 - 0x00007ffac2408000 	C:\WINDOWS\System32\ole32.dll
0x00007ffac0990000 - 0x00007ffac09ab000 	C:\WINDOWS\SYSTEM32\CRYPTSP.dll
0x00007ffabfe70000 - 0x00007ffabfea9000 	C:\WINDOWS\system32\rsaenh.dll
0x00007ffac0640000 - 0x00007ffac0673000 	C:\WINDOWS\SYSTEM32\USERENV.dll
0x00007ffac11e0000 - 0x00007ffac120a000 	C:\WINDOWS\SYSTEM32\bcrypt.dll
0x00007ffac07f0000 - 0x00007ffac07fc000 	C:\WINDOWS\SYSTEM32\CRYPTBASE.dll
0x00007ffabf740000 - 0x00007ffabf773000 	C:\WINDOWS\SYSTEM32\IPHLPAPI.DLL
0x00007ffac2410000 - 0x00007ffac241a000 	C:\WINDOWS\System32\NSI.dll
0x00007ffa50500000 - 0x00007ffa50549000 	C:\Users\sanjay.verma\AppData\Local\Temp\jna--307561013\jna16378570573141001346.dll
0x00007ffac31d0000 - 0x00007ffac31d8000 	C:\WINDOWS\System32\PSAPI.DLL
0x00007ffab88a0000 - 0x00007ffab88bd000 	C:\WINDOWS\SYSTEM32\dhcpcsvc6.DLL
0x00007ffab8870000 - 0x00007ffab8895000 	C:\WINDOWS\SYSTEM32\dhcpcsvc.DLL
0x00007ffa9e7a0000 - 0x00007ffa9e7ae000 	C:\Users\sanjay.verma\.vscode\extensions\redhat.java-1.54.0-win32-x64\jre\21.0.10-win32-x86_64\bin\sunmscapi.dll
0x00007ffac13e0000 - 0x00007ffac1558000 	C:\WINDOWS\System32\CRYPT32.dll
0x00007ffac0af0000 - 0x00007ffac0b20000 	C:\WINDOWS\SYSTEM32\ncrypt.dll
0x00007ffac0aa0000 - 0x00007ffac0adf000 	C:\WINDOWS\SYSTEM32\NTASN1.dll
0x00007ffa87480000 - 0x00007ffa87488000 	C:\WINDOWS\system32\wshunix.dll
0x00007ffa9e790000 - 0x00007ffa9e799000 	C:\Users\sanjay.verma\.vscode\extensions\redhat.java-1.54.0-win32-x64\jre\21.0.10-win32-x86_64\bin\extnet.dll
0x00007ffabf7e0000 - 0x00007ffabf92a000 	C:\WINDOWS\SYSTEM32\DNSAPI.dll
0x00007ffac03b0000 - 0x00007ffac03bd000 	C:\WINDOWS\SYSTEM32\DSPARSE.dll
0x00007ffab8780000 - 0x00007ffab878b000 	C:\Windows\System32\rasadhlp.dll
0x00007ffaba210000 - 0x00007ffaba296000 	C:\WINDOWS\System32\fwpuclnt.dll

JVMTI agents:
c:\Users\sanjay.verma\.vscode\extensions\redhat.java-1.54.0-win32-x64\lombok\lombok-1.18.39-4050.jar path:c:\Users\sanjay.verma\.vscode\extensions\redhat.java-1.54.0-win32-x64\jre\21.0.10-win32-x86_64\bin\instrument.dll, loaded, initialized, instrumentlib options:none

dbghelp: loaded successfully - version: 4.0.5 - missing functions: none
symbol engine: initialized successfully - sym options: 0x614 - pdb path: .;c:\Users\sanjay.verma\.vscode\extensions\redhat.java-1.54.0-win32-x64\jre\21.0.10-win32-x86_64\bin;C:\WINDOWS\SYSTEM32;C:\WINDOWS\WinSxS\amd64_microsoft.windows.common-controls_6595b64144ccf1df_6.0.26100.8521_none_3e08b75ce33403b3;c:\Users\sanjay.verma\.vscode\extensions\redhat.java-1.54.0-win32-x64\jre\21.0.10-win32-x86_64\bin\server;C:\Users\sanjay.verma\AppData\Roaming\Code\User\globalStorage\redhat.java\1.54.0\config_win\org.eclipse.equinox.launcher\org.eclipse.equinox.launcher.win32.win32.x86_64_1.3.0.v20260203-2149;C:\Users\sanjay.verma\AppData\Local\Temp\jna--307561013

VM Arguments:
jvm_args: --add-modules=ALL-SYSTEM --add-opens=java.base/java.util=ALL-UNNAMED --add-opens=java.base/java.lang=ALL-UNNAMED --add-opens=java.base/sun.nio.fs=ALL-UNNAMED -Declipse.application=org.eclipse.jdt.ls.core.id1 -Dosgi.bundles.defaultStartLevel=4 -Declipse.product=org.eclipse.jdt.ls.core.product -Djava.import.generatesMetadataFilesAtProjectRoot=false -DDetectVMInstallationsJob.disabled=true -Dfile.encoding=utf8 -XX:+UseParallelGC -XX:GCTimeRatio=4 -XX:AdaptiveSizePolicyWeight=90 -Dsun.zip.disableMemoryMapping=true -Xmx2G -Xms100m -Xlog:disable -javaagent:c:\Users\sanjay.verma\.vscode\extensions\redhat.java-1.54.0-win32-x64\lombok\lombok-1.18.39-4050.jar -XX:+HeapDumpOnOutOfMemoryError -XX:HeapDumpPath=c:\Users\sanjay.verma\AppData\Roaming\Code\User\workspaceStorage\b2772786e9ad854d550692199f466cec\redhat.java -Daether.dependencyCollector.impl=bf 
java_command: c:\Users\sanjay.verma\.vscode\extensions\redhat.java-1.54.0-win32-x64\server\plugins\org.eclipse.equinox.launcher_1.7.100.v20251111-0406.jar -configuration c:\Users\sanjay.verma\AppData\Roaming\Code\User\globalStorage\redhat.java\1.54.0\config_win -data c:\Users\sanjay.verma\AppData\Roaming\Code\User\workspaceStorage\b2772786e9ad854d550692199f466cec\redhat.java\jdt_ws --pipe=\\.\pipe\lsp-1b824b337ff379843d31cc930025aee5-sock
java_class_path (initial): c:\Users\sanjay.verma\.vscode\extensions\redhat.java-1.54.0-win32-x64\server\plugins\org.eclipse.equinox.launcher_1.7.100.v20251111-0406.jar
Launcher Type: SUN_STANDARD

[Global flags]
    uintx AdaptiveSizePolicyWeight                 = 90                                        {product} {command line}
     intx CICompilerCount                          = 4                                         {product} {ergonomic}
    uintx GCTimeRatio                              = 4                                         {product} {command line}
     bool HeapDumpOnOutOfMemoryError               = true                                   {manageable} {command line}
    ccstr HeapDumpPath                             = c:\Users\sanjay.verma\AppData\Roaming\Code\User\workspaceStorage\b2772786e9ad854d550692199f466cec\redhat.java         {manageable} {command line}
   size_t InitialHeapSize                          = 104857600                                 {product} {command line}
   size_t MaxHeapSize                              = 2147483648                                {product} {command line}
   size_t MaxNewSize                               = 715653120                                 {product} {ergonomic}
   size_t MinHeapDeltaBytes                        = 524288                                    {product} {ergonomic}
   size_t MinHeapSize                              = 104857600                                 {product} {command line}
   size_t NewSize                                  = 34603008                                  {product} {ergonomic}
    uintx NonNMethodCodeHeapSize                   = 5839372                                {pd product} {ergonomic}
    uintx NonProfiledCodeHeapSize                  = 122909434                              {pd product} {ergonomic}
   size_t OldSize                                  = 70254592                                  {product} {ergonomic}
    uintx ProfiledCodeHeapSize                     = 122909434                              {pd product} {ergonomic}
    uintx ReservedCodeCacheSize                    = 251658240                              {pd product} {ergonomic}
     bool SegmentedCodeCache                       = true                                      {product} {ergonomic}
   size_t SoftMaxHeapSize                          = 2147483648                             {manageable} {ergonomic}
     bool UseCompressedOops                        = true                           {product lp64_product} {ergonomic}
     bool UseLargePagesIndividualAllocation        = false                                  {pd product} {ergonomic}
     bool UseParallelGC                            = true                                      {product} {command line}

Logging:
Log output configuration:
 #0: stdout all=off uptime,level,tags foldmultilines=false
 #1: stderr all=off uptime,level,tags foldmultilines=false

Release file:
JAVA_VERSION="21.0.10" 
MODULES="java.base java.compiler java.datatransfer java.xml java.prefs java.desktop java.instrument java.logging java.management java.security.sasl java.naming java.rmi java.management.rmi java.net.http java.scripting java.security.jgss java.transaction.xa java.sql java.sql.rowset java.xml.crypto java.se java.smartcardio jdk.accessibility jdk.internal.jvmstat jdk.attach jdk.charsets jdk.internal.opt jdk.zipfs jdk.compiler jdk.crypto.ec jdk.crypto.cryptoki jdk.crypto.mscapi jdk.dynalink jdk.internal.ed jdk.editpad jdk.hotspot.agent jdk.httpserver jdk.internal.le jdk.internal.vm.ci jdk.internal.vm.compiler jdk.internal.vm.compiler.management jdk.jartool jdk.javadoc jdk.jcmd jdk.management jdk.management.agent jdk.jconsole jdk.jdeps jdk.jdwp.agent jdk.jdi jdk.jfr jdk.jshell jdk.jsobject jdk.jstatd jdk.localedata jdk.management.jfr jdk.naming.dns jdk.naming.rmi jdk.net jdk.nio.mapmode jdk.random jdk.sctp jdk.security.auth jdk.security.jgss jdk.unsupported jdk.unsupported.desktop jdk.xml.dom" 

Environment Variables:
PATH=C:\Program Files\Common Files\Oracle\Java\javapath;C:\Program Files (x86)\Common Files\Oracle\Java\javapath;C:\WINDOWS\system32;C:\WINDOWS;C:\WINDOWS\System32\Wbem;C:\WINDOWS\System32\WindowsPowerShell\v1.0\;C:\WINDOWS\System32\OpenSSH\;C:\Program Files\dotnet\;C:\Program Files\PuTTY\;C:\Program Files\Docker\Docker\resources\bin;C:\Program Files\Microsoft VS Code\bin;C:\Program Files\Pandoc\;C:\apache-maven-3.9.10\bin;C:\Program Files\nodejs\;C:\Program Files\Git\cmd;C:\Program Files\GitHub CLI\;C:\Program Files\TortoiseSVN\bin;C:\Users\sanjay.verma\AppData\Local\Programs\Python\Launcher\;C:\Users\sanjay.verma\AppData\Local\Microsoft\WindowsApps;C:\Users\sanjay.verma\.dotnet\tools;C:\apache-maven-3.9.10\bin;C:\Users\sanjay.verma\AppData\Roaming\npm
USERNAME=sanjay.verma
OS=Windows_NT
PROCESSOR_IDENTIFIER=Intel64 Family 6 Model 140 Stepping 1, GenuineIntel
TMP=C:\Users\SANJAY~1.VER\AppData\Local\Temp
TEMP=C:\Users\SANJAY~1.VER\AppData\Local\Temp




Periodic native trim disabled

---------------  S Y S T E M  ---------------

OS:
 Windows 11 , 64 bit Build 26100 (10.0.26100.8521)
OS uptime: 7 days 1:38 hours
Hyper-V role detected

CPU: total 8 (initial active 8) (4 cores per cpu, 2 threads per core) family 6 model 140 stepping 1 microcode 0xbe, cx8, cmov, fxsr, ht, mmx, 3dnowpref, sse, sse2, sse3, ssse3, sse4.1, sse4.2, popcnt, lzcnt, tsc, tscinvbit, avx, avx2, aes, erms, clmul, bmi1, bmi2, adx, avx512f, avx512dq, avx512cd, avx512bw, avx512vl, sha, fma, vzeroupper, avx512_vpopcntdq, avx512_vpclmulqdq, avx512_vaes, avx512_vnni, clflush, clflushopt, clwb, avx512_vbmi2, avx512_vbmi, hv, rdtscp, rdpid, fsrm, gfni, avx512_bitalg, f16c, cet_ibt, cet_ss, avx512_ifma
Processor Information for the first 8 processors :
  Max Mhz: 1382, Current Mhz: 1382, Mhz Limit: 1382

Memory: 4k page, system-wide physical 16122M (1114M free)
TotalPageFile size 34554M (AvailPageFile size 2M)
current process WorkingSet (physical memory assigned to process): 20M, peak: 839M
current process commit charge ("private bytes"): 916M, peak: 923M

vm_info: OpenJDK 64-Bit Server VM (21.0.10+7-LTS) for windows-amd64 JRE (21.0.10+7-LTS), built on 2026-01-20T00:00:00Z by "admin" with MS VC++ 17.12 (VS2022)

END.
