{"level":"info","message":"GET /api/employees","timestamp":"2026-06-02T17:23:09.105Z"}
{"level":"info","message":"GET /favicon.ico","timestamp":"2026-06-02T17:23:25.595Z"}
{"level":"info","message":"GET /api/employees","timestamp":"2026-06-02T17:25:59.415Z"}
{"level":"info","message":"GET /api/employees/search?name=","timestamp":"2026-06-02T17:26:51.674Z"}
{"level":"info","message":"GET /api/employees","timestamp":"2026-06-02T17:27:01.341Z"}
{"level":"info","message":"GET /api/employees","timestamp":"2026-06-02T17:27:01.371Z"}
{"level":"info","message":"GET /api/employees/search?name=","timestamp":"2026-06-02T17:37:19.965Z"}
{"level":"info","message":"GET /api/employees/search?name=John%20Smith","timestamp":"2026-06-02T17:37:39.986Z"}
{"level":"info","message":"GET /api/employees/search?name=John%20Smith","timestamp":"2026-06-02T17:37:41.454Z"}
{"level":"info","message":"GET /api/employees/search?name=John%20Smith","timestamp":"2026-06-02T17:37:41.672Z"}
{"level":"info","message":"GET /api/employees/search?name=John%20Smith","timestamp":"2026-06-02T17:37:41.927Z"}
{"level":"info","message":"GET /api/employees","timestamp":"2026-06-02T17:37:57.377Z"}
{"level":"info","message":"GET /api/employees/1","timestamp":"2026-06-02T17:41:51.893Z"}
{"level":"info","message":"GET /api/employees/search?name=","timestamp":"2026-06-02T17:42:08.186Z"}
{"level":"info","message":"GET /api/employees/search?name=","timestamp":"2026-06-02T17:42:14.426Z"}
{"level":"info","message":"GET /api/employees/search?name=","timestamp":"2026-06-02T17:42:15.331Z"}
{"level":"info","message":"GET /api/employees/search?name=","timestamp":"2026-06-02T17:42:15.887Z"}
{"level":"info","message":"GET /api/employees/search?name=","timestamp":"2026-06-02T17:42:16.137Z"}
{"level":"info","message":"GET /api/employees/search?name=","timestamp":"2026-06-02T17:42:16.411Z"}
{"level":"info","message":"GET /api/employees/search?name=1","timestamp":"2026-06-02T17:42:29.159Z"}
{"level":"info","message":"GET /api/employees/search?name=1","timestamp":"2026-06-02T17:42:29.982Z"}
{"level":"info","message":"GET /api/employees","timestamp":"2026-06-02T17:43:46.200Z"}
{"level":"info","message":"GET /api/employees","timestamp":"2026-06-02T17:43:46.243Z"}
{"level":"info","message":"GET /api/employees","timestamp":"2026-06-02T17:43:53.268Z"}
{"level":"info","message":"GET /api/employees","timestamp":"2026-06-02T17:43:53.289Z"}
{"level":"info","message":"GET /api/employees/1","timestamp":"2026-06-02T17:43:56.689Z"}
{"level":"info","message":"GET /api/employees/1","timestamp":"2026-06-02T17:43:56.704Z"}
{"level":"info","message":"GET /api/employees","timestamp":"2026-06-02T17:43:59.579Z"}
{"level":"info","message":"GET /api/employees","timestamp":"2026-06-02T17:43:59.605Z"}
{"level":"info","message":"GET /api/employees/2","timestamp":"2026-06-02T17:44:06.109Z"}
{"level":"info","message":"GET /api/employees/2","timestamp":"2026-06-02T17:44:06.122Z"}
{"level":"info","message":"GET /api/employees","timestamp":"2026-06-02T17:44:08.821Z"}
{"level":"info","message":"GET /api/employees","timestamp":"2026-06-02T17:44:08.842Z"}
{"level":"info","message":"GET /api/employees","timestamp":"2026-06-02T17:44:14.933Z"}
{"level":"info","message":"GET /api/employees","timestamp":"2026-06-02T17:44:14.956Z"}
{"level":"info","message":"GET /api/employees","timestamp":"2026-06-02T17:45:14.952Z"}
{"level":"info","message":"GET /api/employees","timestamp":"2026-06-02T17:45:14.980Z"}
{"level":"info","message":"GET /api/employees","timestamp":"2026-06-02T17:45:22.365Z"}
{"level":"info","message":"GET /api/employees","timestamp":"2026-06-02T17:45:22.387Z"}
{"level":"info","message":"GET /api/employees","timestamp":"2026-06-02T17:45:59.507Z"}
{"level":"info","message":"GET /api/employees","timestamp":"2026-06-02T17:45:59.535Z"}
{"level":"info","message":"GET /api/employees","timestamp":"2026-06-02T17:47:38.012Z"}
{"level":"info","message":"GET /api/employees","timestamp":"2026-06-02T17:47:38.047Z"}
{"level":"info","message":"GET /api/employees","timestamp":"2026-06-02T17:47:38.921Z"}
{"level":"info","message":"GET /api/employees","timestamp":"2026-06-02T17:47:38.946Z"}
{"level":"info","message":"GET /api/employees","timestamp":"2026-06-02T17:47:39.167Z"}
{"level":"info","message":"GET /api/employees","timestamp":"2026-06-02T17:47:39.188Z"}
{"level":"info","message":"GET /api/employees","timestamp":"2026-06-02T17:47:39.319Z"}
{"level":"info","message":"GET /api/employees","timestamp":"2026-06-02T17:47:39.343Z"}
{"level":"info","message":"GET /api/employees","timestamp":"2026-06-02T17:47:39.563Z"}
{"level":"info","message":"GET /api/employees","timestamp":"2026-06-02T17:47:39.584Z"}
{"level":"info","message":"GET /api/employees","timestamp":"2026-06-02T17:47:51.775Z"}
{"level":"info","message":"GET /api/employees","timestamp":"2026-06-02T17:47:51.803Z"}
{"level":"info","message":"GET /api/employees/1","timestamp":"2026-06-02T17:56:04.476Z"}
{"level":"info","message":"GET /api/employees/1","timestamp":"2026-06-02T17:56:04.505Z"}
{"level":"info","message":"GET /api/employees","timestamp":"2026-06-02T17:56:15.176Z"}
{"level":"info","message":"GET /api/employees","timestamp":"2026-06-02T17:56:15.220Z"}
{"level":"info","message":"GET /api/employees","timestamp":"2026-06-03T05:22:42.401Z"}
{"level":"info","message":"GET /api/employees","timestamp":"2026-06-03T05:22:42.491Z"}
{"level":"info","message":"GET /api/employees","timestamp":"2026-06-03T05:22:48.811Z"}
{"level":"info","message":"GET /api/employees","timestamp":"2026-06-03T05:22:48.818Z"}
{"level":"info","message":"POST /api/employees","timestamp":"2026-06-03T09:32:51.652Z"}
{"level":"info","message":"GET /api/employees","timestamp":"2026-06-03T09:33:01.682Z"}
{"level":"info","message":"GET /api/employees","timestamp":"2026-06-03T09:33:01.698Z"}
{"level":"info","message":"GET /api/employees/1","timestamp":"2026-06-03T09:33:03.558Z"}
{"level":"info","message":"GET /api/employees/1","timestamp":"2026-06-03T09:33:03.567Z"}
{"level":"info","message":"GET /api/employees","timestamp":"2026-06-03T09:33:04.914Z"}
{"level":"info","message":"GET /api/employees","timestamp":"2026-06-03T09:33:04.920Z"}
{"level":"info","message":"GET /api/employees","timestamp":"2026-06-03T09:33:06.122Z"}
{"level":"info","message":"GET /api/employees","timestamp":"2026-06-03T09:33:06.131Z"}
{"level":"info","message":"GET /api/employees","timestamp":"2026-06-03T09:33:07.254Z"}
{"level":"info","message":"GET /api/employees","timestamp":"2026-06-03T09:33:07.263Z"}
{"level":"info","message":"GET /api/employees","timestamp":"2026-06-03T09:33:09.419Z"}
{"level":"info","message":"GET /api/employees","timestamp":"2026-06-03T09:33:09.427Z"}
{"level":"info","message":"POST /api/employees","timestamp":"2026-06-03T09:40:11.997Z"}
{"level":"info","message":"GET /api/employees","timestamp":"2026-06-03T09:40:12.017Z"}
{"level":"info","message":"GET /api/employees","timestamp":"2026-06-03T09:40:12.052Z"}
{"level":"info","message":"GET /api/employees/4","timestamp":"2026-06-03T09:40:21.997Z"}
{"level":"info","message":"GET /api/employees/4","timestamp":"2026-06-03T09:40:22.026Z"}
{"level":"info","message":"GET /api/employees","timestamp":"2026-06-03T09:40:47.023Z"}
{"level":"info","message":"GET /api/employees","timestamp":"2026-06-03T09:40:47.045Z"}
{"level":"info","message":"GET /api/employees/4","timestamp":"2026-06-03T09:40:48.160Z"}
{"level":"info","message":"GET /api/employees/4","timestamp":"2026-06-03T09:40:48.166Z"}
{"level":"info","message":"GET /api/employees","timestamp":"2026-06-03T09:40:51.027Z"}
{"level":"info","message":"GET /api/employees","timestamp":"2026-06-03T09:40:51.046Z"}
{"level":"info","message":"GET /api/employees/4","timestamp":"2026-06-03T09:40:52.630Z"}
{"level":"info","message":"GET /api/employees/4","timestamp":"2026-06-03T09:40:52.636Z"}
{"level":"info","message":"GET /api/employees","timestamp":"2026-06-03T09:40:55.851Z"}
{"level":"info","message":"GET /api/employees","timestamp":"2026-06-03T09:40:55.871Z"}
{"level":"info","message":"GET /api/employees/4","timestamp":"2026-06-03T09:41:07.731Z"}
{"level":"info","message":"GET /api/employees/4","timestamp":"2026-06-03T09:41:07.746Z"}
{"level":"info","message":"GET /api/employees/search?name=","timestamp":"2026-06-03T09:41:38.951Z"}
{"level":"info","message":"GET /api/employees/search?name=","timestamp":"2026-06-03T09:41:39.966Z"}
{"level":"info","message":"GET /api/employees/search?name=","timestamp":"2026-06-03T09:41:40.296Z"}
{"level":"info","message":"GET /api/employees","timestamp":"2026-06-03T09:42:01.993Z"}
{"level":"info","message":"GET /api/employees","timestamp":"2026-06-03T09:42:02.002Z"}
{"level":"info","message":"GET /api/employees/4","timestamp":"2026-06-03T09:44:18.618Z"}
{"level":"info","message":"GET /api/employees/4","timestamp":"2026-06-03T09:44:18.629Z"}
{"level":"info","message":"GET /api/employees","timestamp":"2026-06-03T09:44:44.864Z"}
{"level":"info","message":"GET /api/employees","timestamp":"2026-06-03T09:44:44.873Z"}
{"level":"info","message":"GET /api/employees","timestamp":"2026-06-03T10:00:41.583Z"}
{"level":"info","message":"GET /api/employees","timestamp":"2026-06-03T10:00:41.596Z"}
{"level":"info","message":"GET /api/employees/2","timestamp":"2026-06-03T10:00:43.501Z"}
{"level":"info","message":"GET /api/employees/2","timestamp":"2026-06-03T10:00:43.505Z"}
{"level":"info","message":"GET /api/employees","timestamp":"2026-06-03T10:00:48.717Z"}
{"level":"info","message":"GET /api/employees","timestamp":"2026-06-03T10:00:48.727Z"}
{"level":"info","message":"GET /api/employees/1","timestamp":"2026-06-03T10:00:50.898Z"}
{"level":"info","message":"GET /api/employees/1","timestamp":"2026-06-03T10:00:50.903Z"}
{"level":"info","message":"GET /api/employees","timestamp":"2026-06-03T10:00:54.703Z"}
{"level":"info","message":"GET /api/employees","timestamp":"2026-06-03T10:00:54.712Z"}
{"level":"info","message":"GET /api/employees/1","timestamp":"2026-06-03T10:00:55.950Z"}
{"level":"info","message":"GET /api/employees/1","timestamp":"2026-06-03T10:00:55.956Z"}
{"level":"info","message":"GET /api/employees","timestamp":"2026-06-03T10:00:58.080Z"}
{"level":"info","message":"GET /api/employees","timestamp":"2026-06-03T10:00:58.090Z"}
{"level":"info","message":"GET /api/employees/2","timestamp":"2026-06-03T10:00:59.215Z"}
{"level":"info","message":"GET /api/employees/2","timestamp":"2026-06-03T10:00:59.220Z"}
{"level":"info","message":"GET /api/employees","timestamp":"2026-06-03T10:01:01.202Z"}
{"level":"info","message":"GET /api/employees","timestamp":"2026-06-03T10:01:01.212Z"}
{"level":"info","message":"GET /api/employees/4","timestamp":"2026-06-03T10:01:02.283Z"}
{"level":"info","message":"GET /api/employees/4","timestamp":"2026-06-03T10:01:02.305Z"}
{"level":"info","message":"PUT /api/employees/4","timestamp":"2026-06-03T10:01:10.831Z"}
{"level":"info","message":"PUT /api/employees/4","timestamp":"2026-06-03T10:02:33.961Z"}
{"level":"info","message":"GET /api/employees/4","timestamp":"2026-06-03T10:06:38.912Z"}
{"level":"info","message":"GET /api/employees","timestamp":"2026-06-03T10:07:17.721Z"}
{"level":"info","message":"GET /api/employees","timestamp":"2026-06-03T10:07:17.737Z"}
{"level":"info","message":"GET /api/employees/1","timestamp":"2026-06-03T10:07:50.669Z"}
{"level":"info","message":"GET /api/employees/1","timestamp":"2026-06-03T10:07:50.693Z"}
{"level":"info","message":"PUT /api/employees/1","timestamp":"2026-06-03T10:07:53.116Z"}
{"level":"info","message":"GET /api/employees","timestamp":"2026-06-03T10:07:55.223Z"}
{"level":"info","message":"GET /api/employees","timestamp":"2026-06-03T10:07:55.237Z"}
{"level":"info","message":"GET /api/employees/search?name=","timestamp":"2026-06-03T10:08:30.479Z"}
{"level":"info","message":"GET /api/employees/search?name=","timestamp":"2026-06-03T10:08:31.360Z"}
{"level":"info","message":"GET /api/auth/register","timestamp":"2026-06-03T10:42:13.100Z"}
{"level":"info","message":"GET /api/auth/register","timestamp":"2026-06-03T10:42:48.190Z"}
{"level":"info","message":"GET /api/auth/register","timestamp":"2026-06-03T10:42:49.230Z"}
{"level":"info","message":"GET /api/auth/register","timestamp":"2026-06-03T10:42:56.928Z"}
{"level":"info","message":"GET /api/auth/login","timestamp":"2026-06-03T10:43:34.093Z"}
{"level":"info","message":"GET /api/auth/login","timestamp":"2026-06-03T10:43:36.589Z"}
{"level":"info","message":"POST /api/auth/login","timestamp":"2026-06-03T10:44:08.522Z"}
{"level":"info","message":"POST /api/auth/register","timestamp":"2026-06-03T10:44:44.095Z"}
{"level":"info","message":"POST /api/auth/login","timestamp":"2026-06-03T11:21:32.145Z"}
{"level":"info","message":"POST /api/auth/login","timestamp":"2026-06-03T11:21:49.681Z"}
{"level":"info","message":"POST /api/auth/login","timestamp":"2026-06-03T11:22:04.647Z"}
{"level":"info","message":"POST /api/auth/login","timestamp":"2026-06-03T11:26:50.629Z"}
{"level":"info","message":"POST /api/auth/login","timestamp":"2026-06-03T11:27:25.235Z"}
{"level":"info","message":"POST /api/auth/register","timestamp":"2026-06-03T11:28:16.095Z"}
{"level":"info","message":"POST /api/auth/login","timestamp":"2026-06-03T11:36:32.628Z"}
{"level":"info","message":"POST /api/auth/login","timestamp":"2026-06-03T11:36:45.712Z"}
{"level":"info","message":"GET /api/employees","timestamp":"2026-06-03T11:36:54.113Z"}
{"level":"info","message":"GET /api/employees","timestamp":"2026-06-03T11:36:54.128Z"}
{"level":"info","message":"POST /api/auth/login","timestamp":"2026-06-03T11:37:29.672Z"}
{"level":"info","message":"POST /api/auth/login","timestamp":"2026-06-03T11:38:09.647Z"}
{"level":"info","message":"POST /api/auth/login","timestamp":"2026-06-03T15:02:27.169Z"}
{"level":"info","message":"GET /api/auth/me","timestamp":"2026-06-03T15:02:27.348Z"}
{"level":"info","message":"GET /api/employees","timestamp":"2026-06-03T15:02:27.357Z"}
{"level":"info","message":"GET /api/employees/search?name=a","timestamp":"2026-06-03T15:02:27.364Z"}
{"level":"info","message":"GET /api/employees/department/IT","timestamp":"2026-06-03T15:02:27.372Z"}
{"level":"info","message":"GET /api/dashboard/admin","timestamp":"2026-06-03T15:02:27.378Z"}
{"level":"info","message":"GET /api/audit","timestamp":"2026-06-03T15:02:27.385Z"}
{"level":"info","message":"GET /api/auth/me","timestamp":"2026-06-03T15:05:32.669Z"}
{"level":"info","message":"GET /api/dashboard/admin","timestamp":"2026-06-03T15:09:06.074Z"}
{"level":"info","message":"GET /api/dashboard/admin","timestamp":"2026-06-03T15:09:06.220Z"}
{"level":"info","message":"GET /api/dashboard/admin","timestamp":"2026-06-03T15:09:06.304Z"}
{"level":"info","message":"GET /api/dashboard/admin","timestamp":"2026-06-03T15:09:06.392Z"}
{"level":"info","message":"GET /api/auth/me","timestamp":"2026-06-03T15:10:01.352Z"}
{"level":"info","message":"GET /api/auth/me","timestamp":"2026-06-03T15:10:01.356Z"}
{"level":"info","message":"GET /api/audit","timestamp":"2026-06-03T15:10:03.878Z"}
{"level":"info","message":"GET /api/audit","timestamp":"2026-06-03T15:10:03.904Z"}
{"level":"info","message":"GET /api/employees","timestamp":"2026-06-03T15:10:06.706Z"}
{"level":"info","message":"GET /api/employees","timestamp":"2026-06-03T15:10:06.743Z"}
{"level":"info","message":"GET /api/dashboard/admin","timestamp":"2026-06-03T15:10:09.375Z"}
{"level":"info","message":"GET /api/dashboard/admin","timestamp":"2026-06-03T15:10:09.454Z"}
{"level":"info","message":"POST /api/auth/login","timestamp":"2026-06-03T15:13:33.026Z"}
{"level":"info","message":"GET /api/dashboard/admin","timestamp":"2026-06-03T15:13:33.299Z"}
{"level":"info","message":"GET /api/dashboard/admin","timestamp":"2026-06-03T15:13:33.392Z"}
{"level":"info","message":"GET /api/employees","timestamp":"2026-06-03T15:13:40.867Z"}
{"level":"info","message":"GET /api/employees","timestamp":"2026-06-03T15:13:40.895Z"}
{"level":"info","message":"GET /api/dashboard/admin","timestamp":"2026-06-03T15:13:42.163Z"}
{"level":"info","message":"GET /api/dashboard/admin","timestamp":"2026-06-03T15:13:42.249Z"}
{"level":"info","message":"GET /api/audit","timestamp":"2026-06-03T15:13:51.784Z"}
{"level":"info","message":"GET /api/audit","timestamp":"2026-06-03T15:13:51.803Z"}
{"level":"info","message":"GET /api/auth/me","timestamp":"2026-06-03T15:13:53.577Z"}
{"level":"info","message":"GET /api/auth/me","timestamp":"2026-06-03T15:13:53.580Z"}
{"level":"info","message":"POST /api/auth/register","timestamp":"2026-06-03T15:14:56.370Z"}
{"level":"info","message":"POST /api/auth/login","timestamp":"2026-06-03T15:15:11.187Z"}
{"level":"info","message":"GET /api/auth/me","timestamp":"2026-06-03T15:15:11.355Z"}
{"level":"info","message":"GET /api/auth/me","timestamp":"2026-06-03T15:15:11.359Z"}
{"level":"info","message":"GET /api/auth/me","timestamp":"2026-06-03T15:15:14.512Z"}
{"level":"info","message":"GET /api/auth/me","timestamp":"2026-06-03T15:15:14.516Z"}
{"level":"info","message":"GET /api/auth/me","timestamp":"2026-06-03T15:15:15.258Z"}
{"level":"info","message":"GET /api/auth/me","timestamp":"2026-06-03T15:15:15.262Z"}
{"level":"info","message":"GET /api/auth/me","timestamp":"2026-06-03T15:15:17.531Z"}
{"level":"info","message":"GET /api/auth/me","timestamp":"2026-06-03T15:15:17.535Z"}
{"level":"info","message":"GET /api/auth/me","timestamp":"2026-06-03T15:15:19.742Z"}
{"level":"info","message":"GET /api/auth/me","timestamp":"2026-06-03T15:15:19.746Z"}
{"level":"info","message":"GET /api/auth/me","timestamp":"2026-06-03T15:15:20.462Z"}
{"level":"info","message":"GET /api/auth/me","timestamp":"2026-06-03T15:15:20.465Z"}
{"level":"info","message":"GET /api/auth/me","timestamp":"2026-06-03T15:15:22.400Z"}
{"level":"info","message":"GET /api/auth/me","timestamp":"2026-06-03T15:15:22.403Z"}
{"level":"info","message":"GET /api/auth/me","timestamp":"2026-06-03T15:15:28.515Z"}
{"level":"info","message":"GET /api/auth/me","timestamp":"2026-06-03T15:15:28.519Z"}
{"level":"info","message":"POST /api/auth/login","timestamp":"2026-06-04T05:24:42.720Z"}
{"level":"info","message":"GET /api/dashboard/admin","timestamp":"2026-06-04T05:24:43.013Z"}
{"level":"info","message":"GET /api/dashboard/admin","timestamp":"2026-06-04T05:24:43.085Z"}
{"level":"info","message":"GET /api/employees","timestamp":"2026-06-04T05:24:49.397Z"}
{"level":"info","message":"GET /api/employees","timestamp":"2026-06-04T05:24:49.424Z"}
{"level":"info","message":"GET /api/audit","timestamp":"2026-06-04T05:24:51.251Z"}
{"level":"info","message":"GET /api/audit","timestamp":"2026-06-04T05:24:51.311Z"}
{"level":"info","message":"GET /api/auth/me","timestamp":"2026-06-04T05:24:52.558Z"}
{"level":"info","message":"GET /api/auth/me","timestamp":"2026-06-04T05:24:52.562Z"}
{"level":"info","message":"POST /api/auth/login","timestamp":"2026-06-04T05:25:03.577Z"}
{"level":"info","message":"GET /api/auth/me","timestamp":"2026-06-04T05:25:03.749Z"}
{"level":"info","message":"GET /api/auth/me","timestamp":"2026-06-04T05:25:03.753Z"}
{"level":"info","message":"GET /api/auth/me","timestamp":"2026-06-04T05:25:13.861Z"}
{"level":"info","message":"GET /api/auth/me","timestamp":"2026-06-04T05:25:13.865Z"}
